{"C:\\projects\\odin-tracker\\src\\components\\CustomDateInput.tsx": {"path":"C:\\projects\\odin-tracker\\src\\components\\CustomDateInput.tsx","statementMap":{"0":{"start":{"line":12,"column":13},"end":{"line":78,"column":null}},"1":{"start":{"line":18,"column":21},"end":{"line":18,"column":50}},"2":{"start":{"line":21,"column":2},"end":{"line":34,"column":null}},"3":{"start":{"line":22,"column":4},"end":{"line":32,"column":null}},"4":{"start":{"line":23,"column":6},"end":{"line":29,"column":null}},"5":{"start":{"line":24,"column":14},"end":{"line":24,"column":59}},"6":{"start":{"line":25,"column":8},"end":{"line":26,"column":null}},"7":{"start":{"line":26,"column":10},"end":{"line":26,"column":null}},"8":{"start":{"line":29,"column":8},"end":{"line":29,"column":null}},"9":{"start":{"line":32,"column":6},"end":{"line":32,"column":null}},"10":{"start":{"line":36,"column":8},"end":{"line":54,"column":null}},"11":{"start":{"line":37,"column":14},"end":{"line":37,"column":null}},"12":{"start":{"line":40,"column":4},"end":{"line":42,"column":null}},"13":{"start":{"line":41,"column":6},"end":{"line":42,"column":null}},"14":{"start":{"line":42,"column":8},"end":{"line":42,"column":null}},"15":{"start":{"line":46,"column":4},"end":{"line":46,"column":null}},"16":{"start":{"line":46,"column":25},"end":{"line":46,"column":null}},"17":{"start":{"line":48,"column":4},"end":{"line":48,"column":null}},"18":{"start":{"line":51,"column":4},"end":{"line":54,"column":null}},"19":{"start":{"line":52,"column":12},"end":{"line":52,"column":57}},"20":{"start":{"line":53,"column":6},"end":{"line":54,"column":null}},"21":{"start":{"line":54,"column":8},"end":{"line":54,"column":null}},"22":{"start":{"line":59,"column":2},"end":{"line":78,"column":null}}},"fnMap":{"0":{"name":"(anonymous_0)","decl":{"start":{"line":12,"column":13},"end":{"line":12,"column":64}},"loc":{"start":{"line":17,"column":6},"end":{"line":78,"column":null}},"line":17},"1":{"name":"(anonymous_1)","decl":{"start":{"line":21,"column":2},"end":{"line":21,"column":18}},"loc":{"start":{"line":21,"column":18},"end":{"line":34,"column":6}},"line":21},"2":{"name":"(anonymous_2)","decl":{"start":{"line":36,"column":8},"end":{"line":36,"column":24}},"loc":{"start":{"line":36,"column":67},"end":{"line":54,"column":null}},"line":36}},"branchMap":{"0":{"loc":{"start":{"line":22,"column":4},"end":{"line":32,"column":null}},"type":"if","locations":[{"start":{"line":22,"column":4},"end":{"line":32,"column":null}},{"start":{"line":31,"column":11},"end":{"line":32,"column":null}}],"line":22},"1":{"loc":{"start":{"line":25,"column":8},"end":{"line":26,"column":null}},"type":"if","locations":[{"start":{"line":25,"column":8},"end":{"line":26,"column":null}},{"start":{},"end":{}}],"line":25},"2":{"loc":{"start":{"line":40,"column":4},"end":{"line":42,"column":null}},"type":"if","locations":[{"start":{"line":40,"column":4},"end":{"line":42,"column":null}},{"start":{},"end":{}}],"line":40},"3":{"loc":{"start":{"line":41,"column":6},"end":{"line":42,"column":null}},"type":"if","locations":[{"start":{"line":41,"column":6},"end":{"line":42,"column":null}},{"start":{},"end":{}}],"line":41},"4":{"loc":{"start":{"line":41,"column":10},"end":{"line":41,"column":48}},"type":"binary-expr","locations":[{"start":{"line":41,"column":10},"end":{"line":41,"column":30}},{"start":{"line":41,"column":30},"end":{"line":41,"column":48}}],"line":41},"5":{"loc":{"start":{"line":46,"column":4},"end":{"line":46,"column":null}},"type":"if","locations":[{"start":{"line":46,"column":4},"end":{"line":46,"column":null}},{"start":{},"end":{}}],"line":46},"6":{"loc":{"start":{"line":51,"column":4},"end":{"line":54,"column":null}},"type":"if","locations":[{"start":{"line":51,"column":4},"end":{"line":54,"column":null}},{"start":{},"end":{}}],"line":51},"7":{"loc":{"start":{"line":53,"column":6},"end":{"line":54,"column":null}},"type":"if","locations":[{"start":{"line":53,"column":6},"end":{"line":54,"column":null}},{"start":{},"end":{}}],"line":53},"8":{"loc":{"start":{"line":71,"column":14},"end":{"line":71,"column":null}},"type":"cond-expr","locations":[{"start":{"line":71,"column":22},"end":{"line":71,"column":45}},{"start":{"line":71,"column":45},"end":{"line":71,"column":null}}],"line":71},"9":{"loc":{"start":{"line":78,"column":7},"end":{"line":78,"column":null}},"type":"binary-expr","locations":[{"start":{"line":78,"column":7},"end":{"line":78,"column":16}},{"start":{"line":78,"column":16},"end":{"line":78,"column":null}}],"line":78}},"s":{"0":4,"1":68,"2":68,"3":27,"4":12,"5":12,"6":12,"7":12,"8":0,"9":15,"10":68,"11":2,"12":2,"13":2,"14":1,"15":2,"16":0,"17":2,"18":2,"19":1,"20":1,"21":1,"22":68},"f":{"0":68,"1":27,"2":2},"b":{"0":[12,15],"1":[12,0],"2":[2,0],"3":[1,1],"4":[2,1],"5":[0,2],"6":[1,1],"7":[1,0],"8":[1,67],"9":[68,1]},"meta":{"lastBranch":10,"lastFunction":3,"lastStatement":23,"seen":{"s:12:13:78:Infinity":0,"f:12:13:12:64":0,"s:18:21:18:50":1,"s:21:2:34:Infinity":2,"f:21:2:21:18":1,"b:22:4:32:Infinity:31:11:32:Infinity":0,"s:22:4:32:Infinity":3,"s:23:6:29:Infinity":4,"s:24:14:24:59":5,"b:25:8:26:Infinity:undefined:undefined:undefined:undefined":1,"s:25:8:26:Infinity":6,"s:26:10:26:Infinity":7,"s:29:8:29:Infinity":8,"s:32:6:32:Infinity":9,"s:36:8:54:Infinity":10,"f:36:8:36:24":2,"s:37:14:37:Infinity":11,"b:40:4:42:Infinity:undefined:undefined:undefined:undefined":2,"s:40:4:42:Infinity":12,"b:41:6:42:Infinity:undefined:undefined:undefined:undefined":3,"s:41:6:42:Infinity":13,"b:41:10:41:30:41:30:41:48":4,"s:42:8:42:Infinity":14,"b:46:4:46:Infinity:undefined:undefined:undefined:undefined":5,"s:46:4:46:Infinity":15,"s:46:25:46:Infinity":16,"s:48:4:48:Infinity":17,"b:51:4:54:Infinity:undefined:undefined:undefined:undefined":6,"s:51:4:54:Infinity":18,"s:52:12:52:57":19,"b:53:6:54:Infinity:undefined:undefined:undefined:undefined":7,"s:53:6:54:Infinity":20,"s:54:8:54:Infinity":21,"s:59:2:78:Infinity":22,"b:71:22:71:45:71:45:71:Infinity":8,"b:78:7:78:16:78:16:78:Infinity":9}}}
,"C:\\projects\\odin-tracker\\src\\components\\CustomTimeInput.tsx": {"path":"C:\\projects\\odin-tracker\\src\\components\\CustomTimeInput.tsx","statementMap":{"0":{"start":{"line":10,"column":13},"end":{"line":69,"column":null}},"1":{"start":{"line":16,"column":21},"end":{"line":16,"column":50}},"2":{"start":{"line":19,"column":2},"end":{"line":25,"column":null}},"3":{"start":{"line":20,"column":4},"end":{"line":23,"column":null}},"4":{"start":{"line":21,"column":6},"end":{"line":21,"column":null}},"5":{"start":{"line":23,"column":6},"end":{"line":23,"column":null}},"6":{"start":{"line":27,"column":8},"end":{"line":48,"column":null}},"7":{"start":{"line":28,"column":14},"end":{"line":28,"column":52}},"8":{"start":{"line":31,"column":4},"end":{"line":33,"column":null}},"9":{"start":{"line":32,"column":6},"end":{"line":33,"column":null}},"10":{"start":{"line":33,"column":8},"end":{"line":33,"column":null}},"11":{"start":{"line":37,"column":4},"end":{"line":37,"column":null}},"12":{"start":{"line":37,"column":24},"end":{"line":37,"column":null}},"13":{"start":{"line":39,"column":4},"end":{"line":39,"column":null}},"14":{"start":{"line":42,"column":4},"end":{"line":48,"column":null}},"15":{"start":{"line":43,"column":21},"end":{"line":43,"column":35}},"16":{"start":{"line":44,"column":20},"end":{"line":44,"column":31}},"17":{"start":{"line":45,"column":19},"end":{"line":45,"column":30}},"18":{"start":{"line":47,"column":6},"end":{"line":48,"column":null}},"19":{"start":{"line":48,"column":8},"end":{"line":48,"column":null}},"20":{"start":{"line":53,"column":2},"end":{"line":69,"column":null}}},"fnMap":{"0":{"name":"(anonymous_0)","decl":{"start":{"line":10,"column":13},"end":{"line":10,"column":64}},"loc":{"start":{"line":15,"column":6},"end":{"line":69,"column":null}},"line":15},"1":{"name":"(anonymous_1)","decl":{"start":{"line":19,"column":2},"end":{"line":19,"column":18}},"loc":{"start":{"line":19,"column":18},"end":{"line":25,"column":6}},"line":19},"2":{"name":"(anonymous_2)","decl":{"start":{"line":27,"column":8},"end":{"line":27,"column":24}},"loc":{"start":{"line":27,"column":67},"end":{"line":48,"column":null}},"line":27}},"branchMap":{"0":{"loc":{"start":{"line":20,"column":4},"end":{"line":23,"column":null}},"type":"if","locations":[{"start":{"line":20,"column":4},"end":{"line":23,"column":null}},{"start":{"line":22,"column":11},"end":{"line":23,"column":null}}],"line":20},"1":{"loc":{"start":{"line":31,"column":4},"end":{"line":33,"column":null}},"type":"if","locations":[{"start":{"line":31,"column":4},"end":{"line":33,"column":null}},{"start":{},"end":{}}],"line":31},"2":{"loc":{"start":{"line":32,"column":6},"end":{"line":33,"column":null}},"type":"if","locations":[{"start":{"line":32,"column":6},"end":{"line":33,"column":null}},{"start":{},"end":{}}],"line":32},"3":{"loc":{"start":{"line":37,"column":4},"end":{"line":37,"column":null}},"type":"if","locations":[{"start":{"line":37,"column":4},"end":{"line":37,"column":null}},{"start":{},"end":{}}],"line":37},"4":{"loc":{"start":{"line":42,"column":4},"end":{"line":48,"column":null}},"type":"if","locations":[{"start":{"line":42,"column":4},"end":{"line":48,"column":null}},{"start":{},"end":{}}],"line":42},"5":{"loc":{"start":{"line":47,"column":6},"end":{"line":48,"column":null}},"type":"if","locations":[{"start":{"line":47,"column":6},"end":{"line":48,"column":null}},{"start":{},"end":{}}],"line":47},"6":{"loc":{"start":{"line":47,"column":10},"end":{"line":47,"column":62}},"type":"binary-expr","locations":[{"start":{"line":47,"column":10},"end":{"line":47,"column":24}},{"start":{"line":47,"column":24},"end":{"line":47,"column":38}},{"start":{"line":47,"column":38},"end":{"line":47,"column":51}},{"start":{"line":47,"column":51},"end":{"line":47,"column":62}}],"line":47},"7":{"loc":{"start":{"line":65,"column":14},"end":{"line":65,"column":null}},"type":"cond-expr","locations":[{"start":{"line":65,"column":22},"end":{"line":65,"column":45}},{"start":{"line":65,"column":45},"end":{"line":65,"column":null}}],"line":65},"8":{"loc":{"start":{"line":69,"column":7},"end":{"line":69,"column":null}},"type":"binary-expr","locations":[{"start":{"line":69,"column":7},"end":{"line":69,"column":16}},{"start":{"line":69,"column":16},"end":{"line":69,"column":null}}],"line":69}},"s":{"0":3,"1":34,"2":34,"3":13,"4":6,"5":7,"6":34,"7":3,"8":3,"9":2,"10":0,"11":3,"12":0,"13":3,"14":3,"15":3,"16":3,"17":3,"18":3,"19":1,"20":34},"f":{"0":34,"1":13,"2":3},"b":{"0":[6,7],"1":[2,1],"2":[0,2],"3":[0,3],"4":[3,0],"5":[1,2],"6":[3,3,2,2],"7":[1,33],"8":[34,1]},"meta":{"lastBranch":9,"lastFunction":3,"lastStatement":21,"seen":{"s:10:13:69:Infinity":0,"f:10:13:10:64":0,"s:16:21:16:50":1,"s:19:2:25:Infinity":2,"f:19:2:19:18":1,"b:20:4:23:Infinity:22:11:23:Infinity":0,"s:20:4:23:Infinity":3,"s:21:6:21:Infinity":4,"s:23:6:23:Infinity":5,"s:27:8:48:Infinity":6,"f:27:8:27:24":2,"s:28:14:28:52":7,"b:31:4:33:Infinity:undefined:undefined:undefined:undefined":1,"s:31:4:33:Infinity":8,"b:32:6:33:Infinity:undefined:undefined:undefined:undefined":2,"s:32:6:33:Infinity":9,"s:33:8:33:Infinity":10,"b:37:4:37:Infinity:undefined:undefined:undefined:undefined":3,"s:37:4:37:Infinity":11,"s:37:24:37:Infinity":12,"s:39:4:39:Infinity":13,"b:42:4:48:Infinity:undefined:undefined:undefined:undefined":4,"s:42:4:48:Infinity":14,"s:43:21:43:35":15,"s:44:20:44:31":16,"s:45:19:45:30":17,"b:47:6:48:Infinity:undefined:undefined:undefined:undefined":5,"s:47:6:48:Infinity":18,"b:47:10:47:24:47:24:47:38:47:38:47:51:47:51:47:62":6,"s:48:8:48:Infinity":19,"s:53:2:69:Infinity":20,"b:65:22:65:45:65:45:65:Infinity":7,"b:69:7:69:16:69:16:69:Infinity":8}}}
,"C:\\projects\\odin-tracker\\src\\components\\MeasurementEditor.tsx": {"path":"C:\\projects\\odin-tracker\\src\\components\\MeasurementEditor.tsx","statementMap":{"0":{"start":{"line":13,"column":13},"end":{"line":183,"column":null}},"1":{"start":{"line":17,"column":10},"end":{"line":17,"column":32}},"2":{"start":{"line":19,"column":8},"end":{"line":31,"column":null}},"3":{"start":{"line":20,"column":40},"end":{"line":30,"column":null}},"4":{"start":{"line":31,"column":4},"end":{"line":31,"column":null}},"5":{"start":{"line":34,"column":8},"end":{"line":37,"column":null}},"6":{"start":{"line":35,"column":28},"end":{"line":35,"column":45}},"7":{"start":{"line":36,"column":4},"end":{"line":36,"column":null}},"8":{"start":{"line":37,"column":4},"end":{"line":37,"column":null}},"9":{"start":{"line":40,"column":8},"end":{"line":62,"column":null}},"10":{"start":{"line":41,"column":28},"end":{"line":41,"column":45}},"11":{"start":{"line":42,"column":20},"end":{"line":42,"column":null}},"12":{"start":{"line":45,"column":4},"end":{"line":46,"column":null}},"13":{"start":{"line":46,"column":6},"end":{"line":46,"column":null}},"14":{"start":{"line":50,"column":4},"end":{"line":58,"column":null}},"15":{"start":{"line":51,"column":18},"end":{"line":51,"column":null}},"16":{"start":{"line":52,"column":18},"end":{"line":52,"column":null}},"17":{"start":{"line":53,"column":18},"end":{"line":53,"column":null}},"18":{"start":{"line":55,"column":6},"end":{"line":58,"column":null}},"19":{"start":{"line":55,"column":37},"end":{"line":55,"column":null}},"20":{"start":{"line":56,"column":15},"end":{"line":58,"column":null}},"21":{"start":{"line":56,"column":42},"end":{"line":56,"column":null}},"22":{"start":{"line":57,"column":15},"end":{"line":58,"column":null}},"23":{"start":{"line":57,"column":45},"end":{"line":57,"column":null}},"24":{"start":{"line":58,"column":11},"end":{"line":58,"column":null}},"25":{"start":{"line":61,"column":4},"end":{"line":61,"column":null}},"26":{"start":{"line":62,"column":4},"end":{"line":62,"column":null}},"27":{"start":{"line":65,"column":2},"end":{"line":183,"column":null}},"28":{"start":{"line":101,"column":16},"end":{"line":171,"column":null}},"29":{"start":{"line":105,"column":39},"end":{"line":105,"column":86}},"30":{"start":{"line":109,"column":24},"end":{"line":111,"column":null}},"31":{"start":{"line":121,"column":39},"end":{"line":121,"column":99}},"32":{"start":{"line":129,"column":39},"end":{"line":129,"column":81}},"33":{"start":{"line":138,"column":39},"end":{"line":138,"column":125}},"34":{"start":{"line":148,"column":39},"end":{"line":148,"column":125}},"35":{"start":{"line":165,"column":37},"end":{"line":165,"column":53}},"36":{"start":{"line":178,"column":30},"end":{"line":178,"column":53}}},"fnMap":{"0":{"name":"(anonymous_0)","decl":{"start":{"line":13,"column":13},"end":{"line":13,"column":68}},"loc":{"start":{"line":16,"column":6},"end":{"line":183,"column":null}},"line":16},"1":{"name":"(anonymous_1)","decl":{"start":{"line":19,"column":8},"end":{"line":19,"column":23}},"loc":{"start":{"line":19,"column":23},"end":{"line":31,"column":null}},"line":19},"2":{"name":"(anonymous_2)","decl":{"start":{"line":34,"column":8},"end":{"line":34,"column":21}},"loc":{"start":{"line":34,"column":39},"end":{"line":37,"column":null}},"line":34},"3":{"name":"(anonymous_3)","decl":{"start":{"line":40,"column":8},"end":{"line":40,"column":21}},"loc":{"start":{"line":40,"column":70},"end":{"line":62,"column":null}},"line":40},"4":{"name":"(anonymous_4)","decl":{"start":{"line":100,"column":28},"end":{"line":100,"column":33}},"loc":{"start":{"line":101,"column":16},"end":{"line":171,"column":null}},"line":101},"5":{"name":"(anonymous_5)","decl":{"start":{"line":105,"column":22},"end":{"line":105,"column":33}},"loc":{"start":{"line":105,"column":39},"end":{"line":105,"column":86}},"line":105},"6":{"name":"(anonymous_6)","decl":{"start":{"line":108,"column":43},"end":{"line":108,"column":48}},"loc":{"start":{"line":109,"column":24},"end":{"line":111,"column":null}},"line":109},"7":{"name":"(anonymous_7)","decl":{"start":{"line":121,"column":22},"end":{"line":121,"column":33}},"loc":{"start":{"line":121,"column":39},"end":{"line":121,"column":99}},"line":121},"8":{"name":"(anonymous_8)","decl":{"start":{"line":129,"column":22},"end":{"line":129,"column":33}},"loc":{"start":{"line":129,"column":39},"end":{"line":129,"column":81}},"line":129},"9":{"name":"(anonymous_9)","decl":{"start":{"line":138,"column":22},"end":{"line":138,"column":33}},"loc":{"start":{"line":138,"column":39},"end":{"line":138,"column":125}},"line":138},"10":{"name":"(anonymous_10)","decl":{"start":{"line":148,"column":22},"end":{"line":148,"column":33}},"loc":{"start":{"line":148,"column":39},"end":{"line":148,"column":125}},"line":148},"11":{"name":"(anonymous_11)","decl":{"start":{"line":165,"column":22},"end":{"line":165,"column":37}},"loc":{"start":{"line":165,"column":37},"end":{"line":165,"column":53}},"line":165},"12":{"name":"(anonymous_12)","decl":{"start":{"line":178,"column":20},"end":{"line":178,"column":25}},"loc":{"start":{"line":178,"column":30},"end":{"line":178,"column":53}},"line":178}},"branchMap":{"0":{"loc":{"start":{"line":24,"column":12},"end":{"line":24,"column":null}},"type":"binary-expr","locations":[{"start":{"line":24,"column":12},"end":{"line":24,"column":44}},{"start":{"line":24,"column":44},"end":{"line":24,"column":null}}],"line":24},"1":{"loc":{"start":{"line":45,"column":4},"end":{"line":46,"column":null}},"type":"if","locations":[{"start":{"line":45,"column":4},"end":{"line":46,"column":null}},{"start":{},"end":{}}],"line":45},"2":{"loc":{"start":{"line":45,"column":8},"end":{"line":45,"column":74}},"type":"binary-expr","locations":[{"start":{"line":45,"column":8},"end":{"line":45,"column":29}},{"start":{"line":45,"column":29},"end":{"line":45,"column":74}}],"line":45},"3":{"loc":{"start":{"line":50,"column":4},"end":{"line":58,"column":null}},"type":"if","locations":[{"start":{"line":50,"column":4},"end":{"line":58,"column":null}},{"start":{},"end":{}}],"line":50},"4":{"loc":{"start":{"line":50,"column":8},"end":{"line":50,"column":113}},"type":"binary-expr","locations":[{"start":{"line":50,"column":8},"end":{"line":50,"column":39}},{"start":{"line":50,"column":39},"end":{"line":50,"column":77}},{"start":{"line":50,"column":77},"end":{"line":50,"column":113}}],"line":50},"5":{"loc":{"start":{"line":55,"column":6},"end":{"line":58,"column":null}},"type":"if","locations":[{"start":{"line":55,"column":6},"end":{"line":58,"column":null}},{"start":{"line":56,"column":15},"end":{"line":58,"column":null}}],"line":55},"6":{"loc":{"start":{"line":55,"column":10},"end":{"line":55,"column":37}},"type":"binary-expr","locations":[{"start":{"line":55,"column":10},"end":{"line":55,"column":26}},{"start":{"line":55,"column":26},"end":{"line":55,"column":37}}],"line":55},"7":{"loc":{"start":{"line":56,"column":15},"end":{"line":58,"column":null}},"type":"if","locations":[{"start":{"line":56,"column":15},"end":{"line":58,"column":null}},{"start":{"line":57,"column":15},"end":{"line":58,"column":null}}],"line":56},"8":{"loc":{"start":{"line":56,"column":15},"end":{"line":56,"column":42}},"type":"binary-expr","locations":[{"start":{"line":56,"column":15},"end":{"line":56,"column":31}},{"start":{"line":56,"column":31},"end":{"line":56,"column":42}}],"line":56},"9":{"loc":{"start":{"line":57,"column":15},"end":{"line":58,"column":null}},"type":"if","locations":[{"start":{"line":57,"column":15},"end":{"line":58,"column":null}},{"start":{"line":58,"column":11},"end":{"line":58,"column":null}}],"line":57},"10":{"loc":{"start":{"line":57,"column":15},"end":{"line":57,"column":45}},"type":"binary-expr","locations":[{"start":{"line":57,"column":15},"end":{"line":57,"column":31}},{"start":{"line":57,"column":31},"end":{"line":57,"column":45}}],"line":57},"11":{"loc":{"start":{"line":81,"column":7},"end":{"line":175,"column":null}},"type":"cond-expr","locations":[{"start":{"line":82,"column":8},"end":{"line":86,"column":9}},{"start":{"line":86,"column":8},"end":{"line":175,"column":null}}],"line":81},"12":{"loc":{"start":{"line":121,"column":65},"end":{"line":121,"column":98}},"type":"binary-expr","locations":[{"start":{"line":121,"column":65},"end":{"line":121,"column":91}},{"start":{"line":121,"column":95},"end":{"line":121,"column":98}}],"line":121},"13":{"loc":{"start":{"line":137,"column":29},"end":{"line":137,"column":null}},"type":"binary-expr","locations":[{"start":{"line":137,"column":29},"end":{"line":137,"column":47}},{"start":{"line":137,"column":47},"end":{"line":137,"column":null}}],"line":137},"14":{"loc":{"start":{"line":138,"column":72},"end":{"line":138,"column":124}},"type":"cond-expr","locations":[{"start":{"line":138,"column":89},"end":{"line":138,"column":115}},{"start":{"line":138,"column":118},"end":{"line":138,"column":124}}],"line":138},"15":{"loc":{"start":{"line":147,"column":29},"end":{"line":147,"column":null}},"type":"binary-expr","locations":[{"start":{"line":147,"column":29},"end":{"line":147,"column":47}},{"start":{"line":147,"column":47},"end":{"line":147,"column":null}}],"line":147},"16":{"loc":{"start":{"line":148,"column":72},"end":{"line":148,"column":124}},"type":"cond-expr","locations":[{"start":{"line":148,"column":89},"end":{"line":148,"column":115}},{"start":{"line":148,"column":118},"end":{"line":148,"column":124}}],"line":148},"17":{"loc":{"start":{"line":154,"column":104},"end":{"line":157,"column":null}},"type":"cond-expr","locations":[{"start":{"line":154,"column":124},"end":{"line":154,"column":null}},{"start":{"line":155,"column":24},"end":{"line":157,"column":null}}],"line":154},"18":{"loc":{"start":{"line":155,"column":24},"end":{"line":157,"column":null}},"type":"cond-expr","locations":[{"start":{"line":155,"column":43},"end":{"line":155,"column":null}},{"start":{"line":156,"column":26},"end":{"line":157,"column":null}}],"line":155},"19":{"loc":{"start":{"line":156,"column":26},"end":{"line":157,"column":null}},"type":"cond-expr","locations":[{"start":{"line":156,"column":48},"end":{"line":156,"column":null}},{"start":{"line":157,"column":28},"end":{"line":157,"column":null}}],"line":156},"20":{"loc":{"start":{"line":159,"column":23},"end":{"line":159,"column":null}},"type":"cond-expr","locations":[{"start":{"line":159,"column":32},"end":{"line":159,"column":56}},{"start":{"line":159,"column":59},"end":{"line":159,"column":null}}],"line":159},"21":{"loc":{"start":{"line":178,"column":7},"end":{"line":183,"column":null}},"type":"binary-expr","locations":[{"start":{"line":178,"column":7},"end":{"line":178,"column":53}},{"start":{"line":179,"column":8},"end":{"line":183,"column":null}}],"line":178}},"s":{"0":2,"1":15,"2":15,"3":1,"4":1,"5":15,"6":1,"7":1,"8":1,"9":15,"10":6,"11":6,"12":6,"13":1,"14":6,"15":6,"16":6,"17":6,"18":6,"19":2,"20":4,"21":1,"22":3,"23":2,"24":1,"25":6,"26":6,"27":15,"28":11,"29":1,"30":242,"31":1,"32":1,"33":2,"34":1,"35":1,"36":11},"f":{"0":15,"1":1,"2":1,"3":6,"4":11,"5":1,"6":242,"7":1,"8":1,"9":2,"10":1,"11":1,"12":11},"b":{"0":[1,0],"1":[1,5],"2":[6,1],"3":[6,0],"4":[6,0,0],"5":[2,4],"6":[6,5],"7":[1,3],"8":[4,3],"9":[2,1],"10":[3,1],"11":[4,11],"12":[1,1],"13":[11,1],"14":[1,1],"15":[11,2],"16":[1,0],"17":[1,10],"18":[0,10],"19":[10,0],"20":[11,0],"21":[15,1]},"meta":{"lastBranch":22,"lastFunction":13,"lastStatement":37,"seen":{"s:13:13:183:Infinity":0,"f:13:13:13:68":0,"s:17:10:17:32":1,"s:19:8:31:Infinity":2,"f:19:8:19:23":1,"s:20:40:30:Infinity":3,"b:24:12:24:44:24:44:24:Infinity":0,"s:31:4:31:Infinity":4,"s:34:8:37:Infinity":5,"f:34:8:34:21":2,"s:35:28:35:45":6,"s:36:4:36:Infinity":7,"s:37:4:37:Infinity":8,"s:40:8:62:Infinity":9,"f:40:8:40:21":3,"s:41:28:41:45":10,"s:42:20:42:Infinity":11,"b:45:4:46:Infinity:undefined:undefined:undefined:undefined":1,"s:45:4:46:Infinity":12,"b:45:8:45:29:45:29:45:74":2,"s:46:6:46:Infinity":13,"b:50:4:58:Infinity:undefined:undefined:undefined:undefined":3,"s:50:4:58:Infinity":14,"b:50:8:50:39:50:39:50:77:50:77:50:113":4,"s:51:18:51:Infinity":15,"s:52:18:52:Infinity":16,"s:53:18:53:Infinity":17,"b:55:6:58:Infinity:56:15:58:Infinity":5,"s:55:6:58:Infinity":18,"b:55:10:55:26:55:26:55:37":6,"s:55:37:55:Infinity":19,"b:56:15:58:Infinity:57:15:58:Infinity":7,"s:56:15:58:Infinity":20,"b:56:15:56:31:56:31:56:42":8,"s:56:42:56:Infinity":21,"b:57:15:58:Infinity:58:11:58:Infinity":9,"s:57:15:58:Infinity":22,"b:57:15:57:31:57:31:57:45":10,"s:57:45:57:Infinity":23,"s:58:11:58:Infinity":24,"s:61:4:61:Infinity":25,"s:62:4:62:Infinity":26,"s:65:2:183:Infinity":27,"b:82:8:86:9:86:8:175:Infinity":11,"f:100:28:100:33":4,"s:101:16:171:Infinity":28,"f:105:22:105:33":5,"s:105:39:105:86":29,"f:108:43:108:48":6,"s:109:24:111:Infinity":30,"f:121:22:121:33":7,"s:121:39:121:99":31,"b:121:65:121:91:121:95:121:98":12,"f:129:22:129:33":8,"s:129:39:129:81":32,"b:137:29:137:47:137:47:137:Infinity":13,"f:138:22:138:33":9,"s:138:39:138:125":33,"b:138:89:138:115:138:118:138:124":14,"b:147:29:147:47:147:47:147:Infinity":15,"f:148:22:148:33":10,"s:148:39:148:125":34,"b:148:89:148:115:148:118:148:124":16,"b:154:124:154:Infinity:155:24:157:Infinity":17,"b:155:43:155:Infinity:156:26:157:Infinity":18,"b:156:48:156:Infinity:157:28:157:Infinity":19,"b:159:32:159:56:159:59:159:Infinity":20,"f:165:22:165:37":11,"s:165:37:165:53":35,"b:178:7:178:53:179:8:183:Infinity":21,"f:178:20:178:25":12,"s:178:30:178:53":36}}}
,"C:\\projects\\odin-tracker\\src\\components\\Modal.tsx": {"path":"C:\\projects\\odin-tracker\\src\\components\\Modal.tsx","statementMap":{"0":{"start":{"line":11,"column":13},"end":{"line":47,"column":null}},"1":{"start":{"line":12,"column":2},"end":{"line":21,"column":null}},"2":{"start":{"line":13,"column":4},"end":{"line":16,"column":null}},"3":{"start":{"line":14,"column":6},"end":{"line":14,"column":null}},"4":{"start":{"line":16,"column":6},"end":{"line":16,"column":null}},"5":{"start":{"line":18,"column":4},"end":{"line":19,"column":null}},"6":{"start":{"line":19,"column":6},"end":{"line":19,"column":null}},"7":{"start":{"line":23,"column":2},"end":{"line":23,"column":null}},"8":{"start":{"line":23,"column":15},"end":{"line":23,"column":null}},"9":{"start":{"line":25,"column":2},"end":{"line":47,"column":null}}},"fnMap":{"0":{"name":"(anonymous_0)","decl":{"start":{"line":11,"column":13},"end":{"line":11,"column":44}},"loc":{"start":{"line":11,"column":85},"end":{"line":47,"column":null}},"line":11},"1":{"name":"(anonymous_1)","decl":{"start":{"line":12,"column":2},"end":{"line":12,"column":18}},"loc":{"start":{"line":12,"column":18},"end":{"line":21,"column":6}},"line":12},"2":{"name":"(anonymous_2)","decl":{"start":{"line":18,"column":4},"end":{"line":18,"column":17}},"loc":{"start":{"line":18,"column":17},"end":{"line":19,"column":null}},"line":18}},"branchMap":{"0":{"loc":{"start":{"line":13,"column":4},"end":{"line":16,"column":null}},"type":"if","locations":[{"start":{"line":13,"column":4},"end":{"line":16,"column":null}},{"start":{"line":15,"column":11},"end":{"line":16,"column":null}}],"line":13},"1":{"loc":{"start":{"line":23,"column":2},"end":{"line":23,"column":null}},"type":"if","locations":[{"start":{"line":23,"column":2},"end":{"line":23,"column":null}},{"start":{},"end":{}}],"line":23}},"s":{"0":5,"1":50,"2":20,"3":18,"4":2,"5":20,"6":20,"7":50,"8":2,"9":48},"f":{"0":50,"1":20,"2":20},"b":{"0":[18,2],"1":[2,48]},"meta":{"lastBranch":2,"lastFunction":3,"lastStatement":10,"seen":{"s:11:13:47:Infinity":0,"f:11:13:11:44":0,"s:12:2:21:Infinity":1,"f:12:2:12:18":1,"b:13:4:16:Infinity:15:11:16:Infinity":0,"s:13:4:16:Infinity":2,"s:14:6:14:Infinity":3,"s:16:6:16:Infinity":4,"s:18:4:19:Infinity":5,"f:18:4:18:17":2,"s:19:6:19:Infinity":6,"b:23:2:23:Infinity:undefined:undefined:undefined:undefined":1,"s:23:2:23:Infinity":7,"s:23:15:23:Infinity":8,"s:25:2:47:Infinity":9}}}
,"C:\\projects\\odin-tracker\\src\\i18n\\locales\\en.json": {"path":"C:\\projects\\odin-tracker\\src\\i18n\\locales\\en.json","statementMap":{"0":{"start":{"line":1,"column":20},"end":{"line":1,"column":78}},"1":{"start":{"line":2,"column":22},"end":{"line":2,"column":844}},"2":{"start":{"line":3,"column":20},"end":{"line":3,"column":620}},"3":{"start":{"line":4,"column":20},"end":{"line":4,"column":559}},"4":{"start":{"line":5,"column":29},"end":{"line":5,"column":575}},"5":{"start":{"line":6,"column":19},"end":{"line":6,"column":1382}},"6":{"start":{"line":7,"column":27},"end":{"line":7,"column":1358}},"7":{"start":{"line":8,"column":22},"end":{"line":8,"column":470}},"8":{"start":{"line":9,"column":22},"end":{"line":9,"column":546}},"9":{"start":{"line":10,"column":24},"end":{"line":10,"column":1319}},"10":{"start":{"line":11,"column":20},"end":{"line":11,"column":109}},"11":{"start":{"line":12,"column":22},"end":{"line":12,"column":319}}},"fnMap":{},"branchMap":{},"s":{"0":1,"1":1,"2":1,"3":1,"4":1,"5":1,"6":1,"7":1,"8":1,"9":1,"10":1,"11":1},"f":{},"b":{},"meta":{"lastBranch":0,"lastFunction":0,"lastStatement":12,"seen":{"s:1:20:1:78":0,"s:2:22:2:844":1,"s:3:20:3:620":2,"s:4:20:4:559":3,"s:5:29:5:575":4,"s:6:19:6:1382":5,"s:7:27:7:1358":6,"s:8:22:8:470":7,"s:9:22:9:546":8,"s:10:24:10:1319":9,"s:11:20:11:109":10,"s:12:22:12:319":11}}}
,"C:\\projects\\odin-tracker\\src\\i18n\\locales\\tr.json": {"path":"C:\\projects\\odin-tracker\\src\\i18n\\locales\\tr.json","statementMap":{"0":{"start":{"line":1,"column":20},"end":{"line":1,"column":83}},"1":{"start":{"line":2,"column":22},"end":{"line":2,"column":822}},"2":{"start":{"line":3,"column":20},"end":{"line":3,"column":639}},"3":{"start":{"line":4,"column":20},"end":{"line":4,"column":589}},"4":{"start":{"line":5,"column":29},"end":{"line":5,"column":588}},"5":{"start":{"line":6,"column":19},"end":{"line":6,"column":1349}},"6":{"start":{"line":7,"column":27},"end":{"line":7,"column":1340}},"7":{"start":{"line":8,"column":22},"end":{"line":8,"column":463}},"8":{"start":{"line":9,"column":22},"end":{"line":9,"column":583}},"9":{"start":{"line":10,"column":24},"end":{"line":10,"column":1407}},"10":{"start":{"line":11,"column":20},"end":{"line":11,"column":114}},"11":{"start":{"line":12,"column":22},"end":{"line":12,"column":317}}},"fnMap":{},"branchMap":{},"s":{"0":1,"1":1,"2":1,"3":1,"4":1,"5":1,"6":1,"7":1,"8":1,"9":1,"10":1,"11":1},"f":{},"b":{},"meta":{"lastBranch":0,"lastFunction":0,"lastStatement":12,"seen":{"s:1:20:1:83":0,"s:2:22:2:822":1,"s:3:20:3:639":2,"s:4:20:4:589":3,"s:5:29:5:588":4,"s:6:19:6:1349":5,"s:7:27:7:1340":6,"s:8:22:8:463":7,"s:9:22:9:583":8,"s:10:24:10:1407":9,"s:11:20:11:114":10,"s:12:22:12:317":11}}}
,"C:\\projects\\odin-tracker\\src\\lib\\i18n-helpers.ts": {"path":"C:\\projects\\odin-tracker\\src\\lib\\i18n-helpers.ts","statementMap":{"0":{"start":{"line":17,"column":25},"end":{"line":17,"column":null}},"1":{"start":{"line":18,"column":21},"end":{"line":18,"column":38}},"2":{"start":{"line":21,"column":2},"end":{"line":24,"column":null}},"3":{"start":{"line":24,"column":4},"end":{"line":24,"column":null}},"4":{"start":{"line":24,"column":81},"end":{"line":24,"column":96}},"5":{"start":{"line":27,"column":2},"end":{"line":27,"column":null}}},"fnMap":{"0":{"name":"getParameterLabel","decl":{"start":{"line":12,"column":16},"end":{"line":12,"column":null}},"loc":{"start":{"line":16,"column":10},"end":{"line":27,"column":null}},"line":16},"1":{"name":"(anonymous_1)","decl":{"start":{"line":24,"column":65},"end":{"line":24,"column":75}},"loc":{"start":{"line":24,"column":81},"end":{"line":24,"column":96}},"line":24}},"branchMap":{"0":{"loc":{"start":{"line":21,"column":2},"end":{"line":24,"column":null}},"type":"if","locations":[{"start":{"line":21,"column":2},"end":{"line":24,"column":null}},{"start":{},"end":{}}],"line":21},"1":{"loc":{"start":{"line":24,"column":11},"end":{"line":24,"column":97}},"type":"binary-expr","locations":[{"start":{"line":24,"column":11},"end":{"line":24,"column":28}},{"start":{"line":24,"column":28},"end":{"line":24,"column":97}}],"line":24}},"s":{"0":242,"1":242,"2":242,"3":242,"4":297,"5":0},"f":{"0":242,"1":297},"b":{"0":[242,0],"1":[242,242]},"meta":{"lastBranch":2,"lastFunction":2,"lastStatement":6,"seen":{"f:12:16:12:Infinity":0,"s:17:25:17:Infinity":0,"s:18:21:18:38":1,"b:21:2:24:Infinity:undefined:undefined:undefined:undefined":0,"s:21:2:24:Infinity":2,"s:24:4:24:Infinity":3,"b:24:11:24:28:24:28:24:97":1,"f:24:65:24:75":1,"s:24:81:24:96":4,"s:27:2:27:Infinity":5}}}
,"C:\\projects\\odin-tracker\\src\\lib\\lab-defaults.ts": {"path":"C:\\projects\\odin-tracker\\src\\lib\\lab-defaults.ts","statementMap":{"0":{"start":{"line":1,"column":54},"end":{"line":24,"column":null}}},"fnMap":{},"branchMap":{},"s":{"0":2},"f":{},"b":{},"meta":{"lastBranch":0,"lastFunction":0,"lastStatement":1,"seen":{"s:1:54:24:Infinity":0}}}
,"C:\\projects\\odin-tracker\\src\\lib\\medication-helpers.ts": {"path":"C:\\projects\\odin-tracker\\src\\lib\\medication-helpers.ts","statementMap":{"0":{"start":{"line":12,"column":8},"end":{"line":12,"column":39}},"1":{"start":{"line":14,"column":2},"end":{"line":29,"column":null}},"2":{"start":{"line":16,"column":6},"end":{"line":16,"column":null}},"3":{"start":{"line":18,"column":6},"end":{"line":18,"column":null}},"4":{"start":{"line":20,"column":6},"end":{"line":20,"column":null}},"5":{"start":{"line":22,"column":6},"end":{"line":22,"column":null}},"6":{"start":{"line":24,"column":6},"end":{"line":24,"column":null}},"7":{"start":{"line":26,"column":6},"end":{"line":26,"column":null}},"8":{"start":{"line":29,"column":6},"end":{"line":29,"column":null}},"9":{"start":{"line":40,"column":2},"end":{"line":40,"column":null}},"10":{"start":{"line":40,"column":20},"end":{"line":40,"column":null}},"11":{"start":{"line":41,"column":2},"end":{"line":41,"column":null}}},"fnMap":{"0":{"name":"calculateNextDose","decl":{"start":{"line":11,"column":16},"end":{"line":11,"column":34}},"loc":{"start":{"line":11,"column":82},"end":{"line":29,"column":null}},"line":11},"1":{"name":"isDoseOverdue","decl":{"start":{"line":39,"column":16},"end":{"line":39,"column":30}},"loc":{"start":{"line":39,"column":72},"end":{"line":41,"column":null}},"line":39}},"branchMap":{"0":{"loc":{"start":{"line":14,"column":2},"end":{"line":29,"column":null}},"type":"switch","locations":[{"start":{"line":15,"column":4},"end":{"line":16,"column":null}},{"start":{"line":17,"column":4},"end":{"line":18,"column":null}},{"start":{"line":19,"column":4},"end":{"line":20,"column":null}},{"start":{"line":21,"column":4},"end":{"line":22,"column":null}},{"start":{"line":23,"column":4},"end":{"line":24,"column":null}},{"start":{"line":25,"column":4},"end":{"line":26,"column":null}},{"start":{"line":27,"column":4},"end":{"line":27,"column":null}},{"start":{"line":28,"column":4},"end":{"line":29,"column":null}}],"line":14},"1":{"loc":{"start":{"line":40,"column":2},"end":{"line":40,"column":null}},"type":"if","locations":[{"start":{"line":40,"column":2},"end":{"line":40,"column":null}},{"start":{},"end":{}}],"line":40}},"s":{"0":0,"1":0,"2":0,"3":0,"4":0,"5":0,"6":0,"7":0,"8":0,"9":0,"10":0,"11":0},"f":{"0":0,"1":0},"b":{"0":[0,0,0,0,0,0,0,0],"1":[0,0]},"meta":{"lastBranch":2,"lastFunction":2,"lastStatement":12,"seen":{"f:11:16:11:34":0,"s:12:8:12:39":0,"b:15:4:16:Infinity:17:4:18:Infinity:19:4:20:Infinity:21:4:22:Infinity:23:4:24:Infinity:25:4:26:Infinity:27:4:27:Infinity:28:4:29:Infinity":0,"s:14:2:29:Infinity":1,"s:16:6:16:Infinity":2,"s:18:6:18:Infinity":3,"s:20:6:20:Infinity":4,"s:22:6:22:Infinity":5,"s:24:6:24:Infinity":6,"s:26:6:26:Infinity":7,"s:29:6:29:Infinity":8,"f:39:16:39:30":1,"b:40:2:40:Infinity:undefined:undefined:undefined:undefined":1,"s:40:2:40:Infinity":9,"s:40:20:40:Infinity":10,"s:41:2:41:Infinity":11}}}
,"C:\\projects\\odin-tracker\\src\\modals\\HealthRecordModal.tsx": {"path":"C:\\projects\\odin-tracker\\src\\modals\\HealthRecordModal.tsx","statementMap":{"0":{"start":{"line":20,"column":13},"end":{"line":450,"column":null}},"1":{"start":{"line":21,"column":10},"end":{"line":21,"column":32}},"2":{"start":{"line":22,"column":39},"end":{"line":22,"column":66}},"3":{"start":{"line":23,"column":21},"end":{"line":23,"column":89}},"4":{"start":{"line":24,"column":8},"end":{"line":24,"column":48}},"5":{"start":{"line":25,"column":16},"end":{"line":25,"column":46}},"6":{"start":{"line":27,"column":18},"end":{"line":27,"column":47}},"7":{"start":{"line":28,"column":21},"end":{"line":28,"column":53}},"8":{"start":{"line":29,"column":22},"end":{"line":29,"column":52}},"9":{"start":{"line":30,"column":15},"end":{"line":30,"column":53}},"10":{"start":{"line":31,"column":18},"end":{"line":32,"column":null}},"11":{"start":{"line":35,"column":17},"end":{"line":35,"column":null}},"12":{"start":{"line":36,"column":23},"end":{"line":36,"column":null}},"13":{"start":{"line":45,"column":4},"end":{"line":66,"column":4}},"14":{"start":{"line":68,"column":21},"end":{"line":68,"column":40}},"15":{"start":{"line":69,"column":30},"end":{"line":69,"column":57}},"16":{"start":{"line":71,"column":2},"end":{"line":102,"column":null}},"17":{"start":{"line":72,"column":4},"end":{"line":98,"column":null}},"18":{"start":{"line":73,"column":6},"end":{"line":98,"column":null}},"19":{"start":{"line":74,"column":8},"end":{"line":98,"column":null}},"20":{"start":{"line":75,"column":11},"end":{"line":86,"column":null}},"21":{"start":{"line":87,"column":10},"end":{"line":87,"column":null}},"22":{"start":{"line":89,"column":10},"end":{"line":97,"column":null}},"23":{"start":{"line":98,"column":10},"end":{"line":98,"column":null}},"24":{"start":{"line":104,"column":8},"end":{"line":108,"column":null}},"25":{"start":{"line":105,"column":4},"end":{"line":105,"column":null}},"26":{"start":{"line":106,"column":4},"end":{"line":106,"column":null}},"27":{"start":{"line":107,"column":4},"end":{"line":107,"column":null}},"28":{"start":{"line":108,"column":4},"end":{"line":108,"column":null}},"29":{"start":{"line":111,"column":23},"end":{"line":118,"column":null}},"30":{"start":{"line":112,"column":25},"end":{"line":112,"column":null}},"31":{"start":{"line":113,"column":4},"end":{"line":118,"column":null}},"32":{"start":{"line":114,"column":6},"end":{"line":116,"column":null}},"33":{"start":{"line":115,"column":8},"end":{"line":115,"column":null}},"34":{"start":{"line":116,"column":8},"end":{"line":116,"column":null}},"35":{"start":{"line":118,"column":6},"end":{"line":118,"column":null}},"36":{"start":{"line":124,"column":26},"end":{"line":180,"column":null}},"37":{"start":{"line":125,"column":4},"end":{"line":125,"column":null}},"38":{"start":{"line":125,"column":27},"end":{"line":125,"column":null}},"39":{"start":{"line":127,"column":4},"end":{"line":127,"column":null}},"40":{"start":{"line":128,"column":21},"end":{"line":132,"column":null}},"41":{"start":{"line":133,"column":17},"end":{"line":133,"column":null}},"42":{"start":{"line":134,"column":4},"end":{"line":134,"column":null}},"43":{"start":{"line":135,"column":21},"end":{"line":138,"column":12}},"44":{"start":{"line":136,"column":6},"end":{"line":136,"column":null}},"45":{"start":{"line":137,"column":6},"end":{"line":137,"column":null}},"46":{"start":{"line":140,"column":4},"end":{"line":180,"column":null}},"47":{"start":{"line":141,"column":27},"end":{"line":141,"column":null}},"48":{"start":{"line":144,"column":6},"end":{"line":148,"column":null}},"49":{"start":{"line":145,"column":21},"end":{"line":145,"column":null}},"50":{"start":{"line":146,"column":8},"end":{"line":146,"column":null}},"51":{"start":{"line":147,"column":8},"end":{"line":147,"column":null}},"52":{"start":{"line":148,"column":8},"end":{"line":148,"column":null}},"53":{"start":{"line":151,"column":6},"end":{"line":151,"column":null}},"54":{"start":{"line":151,"column":27},"end":{"line":151,"column":null}},"55":{"start":{"line":153,"column":21},"end":{"line":156,"column":8}},"56":{"start":{"line":159,"column":6},"end":{"line":159,"column":null}},"57":{"start":{"line":159,"column":27},"end":{"line":159,"column":null}},"58":{"start":{"line":160,"column":6},"end":{"line":160,"column":null}},"59":{"start":{"line":160,"column":26},"end":{"line":160,"column":null}},"60":{"start":{"line":161,"column":6},"end":{"line":161,"column":null}},"61":{"start":{"line":161,"column":31},"end":{"line":161,"column":null}},"62":{"start":{"line":162,"column":6},"end":{"line":164,"column":null}},"63":{"start":{"line":163,"column":29},"end":{"line":163,"column":null}},"64":{"start":{"line":164,"column":8},"end":{"line":164,"column":null}},"65":{"start":{"line":167,"column":6},"end":{"line":167,"column":null}},"66":{"start":{"line":169,"column":33},"end":{"line":169,"column":null}},"67":{"start":{"line":169,"column":65},"end":{"line":169,"column":88}},"68":{"start":{"line":170,"column":6},"end":{"line":171,"column":null}},"69":{"start":{"line":171,"column":8},"end":{"line":171,"column":null}},"70":{"start":{"line":175,"column":6},"end":{"line":175,"column":null}},"71":{"start":{"line":176,"column":12},"end":{"line":176,"column":64}},"72":{"start":{"line":177,"column":6},"end":{"line":177,"column":null}},"73":{"start":{"line":179,"column":6},"end":{"line":179,"column":null}},"74":{"start":{"line":180,"column":6},"end":{"line":180,"column":null}},"75":{"start":{"line":184,"column":19},"end":{"line":226,"column":null}},"76":{"start":{"line":185,"column":4},"end":{"line":185,"column":null}},"77":{"start":{"line":186,"column":4},"end":{"line":226,"column":null}},"78":{"start":{"line":187,"column":25},"end":{"line":187,"column":null}},"79":{"start":{"line":189,"column":6},"end":{"line":191,"column":null}},"80":{"start":{"line":190,"column":21},"end":{"line":190,"column":null}},"81":{"start":{"line":191,"column":8},"end":{"line":191,"column":null}},"82":{"start":{"line":195,"column":24},"end":{"line":195,"column":null}},"83":{"start":{"line":197,"column":22},"end":{"line":201,"column":null}},"84":{"start":{"line":204,"column":6},"end":{"line":204,"column":null}},"85":{"start":{"line":205,"column":6},"end":{"line":209,"column":null}},"86":{"start":{"line":206,"column":8},"end":{"line":207,"column":null}},"87":{"start":{"line":207,"column":10},"end":{"line":207,"column":null}},"88":{"start":{"line":211,"column":6},"end":{"line":217,"column":null}},"89":{"start":{"line":212,"column":8},"end":{"line":215,"column":null}},"90":{"start":{"line":217,"column":8},"end":{"line":217,"column":null}},"91":{"start":{"line":220,"column":6},"end":{"line":220,"column":null}},"92":{"start":{"line":221,"column":6},"end":{"line":221,"column":null}},"93":{"start":{"line":223,"column":6},"end":{"line":223,"column":null}},"94":{"start":{"line":224,"column":6},"end":{"line":224,"column":null}},"95":{"start":{"line":226,"column":6},"end":{"line":226,"column":null}},"96":{"start":{"line":230,"column":2},"end":{"line":450,"column":null}},"97":{"start":{"line":248,"column":16},"end":{"line":253,"column":null}},"98":{"start":{"line":260,"column":16},"end":{"line":265,"column":null}},"99":{"start":{"line":278,"column":16},"end":{"line":280,"column":null}},"100":{"start":{"line":346,"column":22},"end":{"line":357,"column":null}},"101":{"start":{"line":347,"column":24},"end":{"line":357,"column":null}},"102":{"start":{"line":382,"column":20},"end":{"line":385,"column":null}}},"fnMap":{"0":{"name":"(anonymous_0)","decl":{"start":{"line":20,"column":13},"end":{"line":20,"column":49}},"loc":{"start":{"line":20,"column":49},"end":{"line":450,"column":null}},"line":20},"1":{"name":"(anonymous_1)","decl":{"start":{"line":71,"column":2},"end":{"line":71,"column":18}},"loc":{"start":{"line":71,"column":18},"end":{"line":102,"column":6}},"line":71},"2":{"name":"(anonymous_2)","decl":{"start":{"line":104,"column":8},"end":{"line":104,"column":28}},"loc":{"start":{"line":104,"column":28},"end":{"line":108,"column":null}},"line":104},"3":{"name":"(anonymous_3)","decl":{"start":{"line":111,"column":23},"end":{"line":111,"column":30}},"loc":{"start":{"line":111,"column":73},"end":{"line":118,"column":null}},"line":111},"4":{"name":"(anonymous_4)","decl":{"start":{"line":124,"column":26},"end":{"line":124,"column":38}},"loc":{"start":{"line":124,"column":38},"end":{"line":180,"column":null}},"line":124},"5":{"name":"(anonymous_5)","decl":{"start":{"line":135,"column":21},"end":{"line":135,"column":39}},"loc":{"start":{"line":135,"column":39},"end":{"line":138,"column":12}},"line":135},"6":{"name":"(anonymous_6)","decl":{"start":{"line":169,"column":53},"end":{"line":169,"column":60}},"loc":{"start":{"line":169,"column":65},"end":{"line":169,"column":88}},"line":169},"7":{"name":"(anonymous_7)","decl":{"start":{"line":184,"column":19},"end":{"line":184,"column":26}},"loc":{"start":{"line":184,"column":54},"end":{"line":226,"column":null}},"line":184},"8":{"name":"(anonymous_8)","decl":{"start":{"line":205,"column":27},"end":{"line":205,"column":35}},"loc":{"start":{"line":205,"column":42},"end":{"line":209,"column":null}},"line":205},"9":{"name":"(anonymous_9)","decl":{"start":{"line":247,"column":14},"end":{"line":247,"column":23}},"loc":{"start":{"line":248,"column":16},"end":{"line":253,"column":null}},"line":248},"10":{"name":"(anonymous_10)","decl":{"start":{"line":259,"column":14},"end":{"line":259,"column":23}},"loc":{"start":{"line":260,"column":16},"end":{"line":265,"column":null}},"line":260},"11":{"name":"(anonymous_11)","decl":{"start":{"line":277,"column":84},"end":{"line":277,"column":89}},"loc":{"start":{"line":278,"column":16},"end":{"line":280,"column":null}},"line":278},"12":{"name":"(anonymous_12)","decl":{"start":{"line":345,"column":20},"end":{"line":345,"column":35}},"loc":{"start":{"line":345,"column":35},"end":{"line":357,"column":null}},"line":345},"13":{"name":"(anonymous_13)","decl":{"start":{"line":381,"column":18},"end":{"line":381,"column":27}},"loc":{"start":{"line":382,"column":20},"end":{"line":385,"column":null}},"line":382}},"branchMap":{"0":{"loc":{"start":{"line":23,"column":56},"end":{"line":23,"column":89}},"type":"binary-expr","locations":[{"start":{"line":23,"column":56},"end":{"line":23,"column":84}},{"start":{"line":23,"column":84},"end":{"line":23,"column":89}}],"line":23},"1":{"loc":{"start":{"line":32,"column":5},"end":{"line":32,"column":null}},"type":"binary-expr","locations":[{"start":{"line":32,"column":5},"end":{"line":32,"column":44}},{"start":{"line":32,"column":44},"end":{"line":32,"column":null}}],"line":32},"2":{"loc":{"start":{"line":48,"column":19},"end":{"line":64,"column":null}},"type":"cond-expr","locations":[{"start":{"line":48,"column":28},"end":{"line":59,"column":8}},{"start":{"line":59,"column":8},"end":{"line":64,"column":null}}],"line":48},"3":{"loc":{"start":{"line":58,"column":21},"end":{"line":58,"column":null}},"type":"binary-expr","locations":[{"start":{"line":58,"column":21},"end":{"line":58,"column":58}},{"start":{"line":58,"column":58},"end":{"line":58,"column":null}}],"line":58},"4":{"loc":{"start":{"line":60,"column":14},"end":{"line":60,"column":null}},"type":"binary-expr","locations":[{"start":{"line":60,"column":14},"end":{"line":60,"column":42}},{"start":{"line":60,"column":42},"end":{"line":60,"column":null}}],"line":60},"5":{"loc":{"start":{"line":69,"column":30},"end":{"line":69,"column":57}},"type":"binary-expr","locations":[{"start":{"line":69,"column":30},"end":{"line":69,"column":51}},{"start":{"line":69,"column":55},"end":{"line":69,"column":57}}],"line":69},"6":{"loc":{"start":{"line":72,"column":4},"end":{"line":98,"column":null}},"type":"if","locations":[{"start":{"line":72,"column":4},"end":{"line":98,"column":null}},{"start":{},"end":{}}],"line":72},"7":{"loc":{"start":{"line":72,"column":8},"end":{"line":72,"column":71}},"type":"binary-expr","locations":[{"start":{"line":72,"column":8},"end":{"line":72,"column":40}},{"start":{"line":72,"column":40},"end":{"line":72,"column":71}}],"line":72},"8":{"loc":{"start":{"line":73,"column":6},"end":{"line":98,"column":null}},"type":"if","locations":[{"start":{"line":73,"column":6},"end":{"line":98,"column":null}},{"start":{},"end":{}}],"line":73},"9":{"loc":{"start":{"line":74,"column":8},"end":{"line":98,"column":null}},"type":"if","locations":[{"start":{"line":74,"column":8},"end":{"line":98,"column":null}},{"start":{"line":88,"column":15},"end":{"line":98,"column":null}}],"line":74},"10":{"loc":{"start":{"line":85,"column":27},"end":{"line":85,"column":null}},"type":"binary-expr","locations":[{"start":{"line":85,"column":27},"end":{"line":85,"column":64}},{"start":{"line":85,"column":64},"end":{"line":85,"column":null}}],"line":85},"11":{"loc":{"start":{"line":87,"column":21},"end":{"line":87,"column":50}},"type":"binary-expr","locations":[{"start":{"line":87,"column":21},"end":{"line":87,"column":45}},{"start":{"line":87,"column":45},"end":{"line":87,"column":50}}],"line":87},"12":{"loc":{"start":{"line":113,"column":4},"end":{"line":118,"column":null}},"type":"if","locations":[{"start":{"line":113,"column":4},"end":{"line":118,"column":null}},{"start":{},"end":{}}],"line":113},"13":{"loc":{"start":{"line":114,"column":6},"end":{"line":116,"column":null}},"type":"if","locations":[{"start":{"line":114,"column":6},"end":{"line":116,"column":null}},{"start":{},"end":{}}],"line":114},"14":{"loc":{"start":{"line":125,"column":4},"end":{"line":125,"column":null}},"type":"if","locations":[{"start":{"line":125,"column":4},"end":{"line":125,"column":null}},{"start":{},"end":{}}],"line":125},"15":{"loc":{"start":{"line":125,"column":8},"end":{"line":125,"column":27}},"type":"binary-expr","locations":[{"start":{"line":125,"column":8},"end":{"line":125,"column":17}},{"start":{"line":125,"column":17},"end":{"line":125,"column":27}}],"line":125},"16":{"loc":{"start":{"line":144,"column":6},"end":{"line":148,"column":null}},"type":"if","locations":[{"start":{"line":144,"column":6},"end":{"line":148,"column":null}},{"start":{},"end":{}}],"line":144},"17":{"loc":{"start":{"line":151,"column":6},"end":{"line":151,"column":null}},"type":"if","locations":[{"start":{"line":151,"column":6},"end":{"line":151,"column":null}},{"start":{},"end":{}}],"line":151},"18":{"loc":{"start":{"line":159,"column":6},"end":{"line":159,"column":null}},"type":"if","locations":[{"start":{"line":159,"column":6},"end":{"line":159,"column":null}},{"start":{},"end":{}}],"line":159},"19":{"loc":{"start":{"line":160,"column":6},"end":{"line":160,"column":null}},"type":"if","locations":[{"start":{"line":160,"column":6},"end":{"line":160,"column":null}},{"start":{},"end":{}}],"line":160},"20":{"loc":{"start":{"line":161,"column":6},"end":{"line":161,"column":null}},"type":"if","locations":[{"start":{"line":161,"column":6},"end":{"line":161,"column":null}},{"start":{},"end":{}}],"line":161},"21":{"loc":{"start":{"line":162,"column":6},"end":{"line":164,"column":null}},"type":"if","locations":[{"start":{"line":162,"column":6},"end":{"line":164,"column":null}},{"start":{},"end":{}}],"line":162},"22":{"loc":{"start":{"line":163,"column":29},"end":{"line":163,"column":null}},"type":"binary-expr","locations":[{"start":{"line":163,"column":29},"end":{"line":163,"column":43}},{"start":{"line":163,"column":47},"end":{"line":163,"column":null}}],"line":163},"23":{"loc":{"start":{"line":164,"column":42},"end":{"line":164,"column":72}},"type":"cond-expr","locations":[{"start":{"line":164,"column":57},"end":{"line":164,"column":66}},{"start":{"line":164,"column":66},"end":{"line":164,"column":72}}],"line":164},"24":{"loc":{"start":{"line":170,"column":6},"end":{"line":171,"column":null}},"type":"if","locations":[{"start":{"line":170,"column":6},"end":{"line":171,"column":null}},{"start":{},"end":{}}],"line":170},"25":{"loc":{"start":{"line":189,"column":6},"end":{"line":191,"column":null}},"type":"if","locations":[{"start":{"line":189,"column":6},"end":{"line":191,"column":null}},{"start":{},"end":{}}],"line":189},"26":{"loc":{"start":{"line":195,"column":46},"end":{"line":195,"column":73}},"type":"binary-expr","locations":[{"start":{"line":195,"column":46},"end":{"line":195,"column":65}},{"start":{"line":195,"column":65},"end":{"line":195,"column":73}}],"line":195},"27":{"loc":{"start":{"line":200,"column":17},"end":{"line":200,"column":null}},"type":"binary-expr","locations":[{"start":{"line":200,"column":17},"end":{"line":200,"column":33}},{"start":{"line":200,"column":33},"end":{"line":200,"column":null}}],"line":200},"28":{"loc":{"start":{"line":206,"column":8},"end":{"line":207,"column":null}},"type":"if","locations":[{"start":{"line":206,"column":8},"end":{"line":207,"column":null}},{"start":{},"end":{}}],"line":206},"29":{"loc":{"start":{"line":211,"column":6},"end":{"line":217,"column":null}},"type":"if","locations":[{"start":{"line":211,"column":6},"end":{"line":217,"column":null}},{"start":{"line":216,"column":13},"end":{"line":217,"column":null}}],"line":211},"30":{"loc":{"start":{"line":211,"column":10},"end":{"line":211,"column":34}},"type":"binary-expr","locations":[{"start":{"line":211,"column":10},"end":{"line":211,"column":20}},{"start":{"line":211,"column":20},"end":{"line":211,"column":34}}],"line":211},"31":{"loc":{"start":{"line":232,"column":14},"end":{"line":232,"column":null}},"type":"binary-expr","locations":[{"start":{"line":232,"column":14},"end":{"line":232,"column":46}},{"start":{"line":232,"column":46},"end":{"line":232,"column":null}}],"line":232},"32":{"loc":{"start":{"line":234,"column":13},"end":{"line":234,"column":82}},"type":"cond-expr","locations":[{"start":{"line":234,"column":22},"end":{"line":234,"column":51}},{"start":{"line":234,"column":54},"end":{"line":234,"column":82}}],"line":234},"33":{"loc":{"start":{"line":262,"column":25},"end":{"line":262,"column":null}},"type":"binary-expr","locations":[{"start":{"line":262,"column":25},"end":{"line":262,"column":40}},{"start":{"line":262,"column":40},"end":{"line":262,"column":null}}],"line":262},"34":{"loc":{"start":{"line":290,"column":74},"end":{"line":290,"column":134}},"type":"cond-expr","locations":[{"start":{"line":290,"column":95},"end":{"line":290,"column":118}},{"start":{"line":290,"column":118},"end":{"line":290,"column":134}}],"line":290},"35":{"loc":{"start":{"line":296,"column":11},"end":{"line":305,"column":null}},"type":"binary-expr","locations":[{"start":{"line":296,"column":11},"end":{"line":296,"column":null}},{"start":{"line":297,"column":12},"end":{"line":305,"column":null}}],"line":296},"36":{"loc":{"start":{"line":310,"column":11},"end":{"line":387,"column":null}},"type":"binary-expr","locations":[{"start":{"line":310,"column":11},"end":{"line":310,"column":null}},{"start":{"line":311,"column":12},"end":{"line":387,"column":null}}],"line":310},"37":{"loc":{"start":{"line":328,"column":31},"end":{"line":328,"column":null}},"type":"binary-expr","locations":[{"start":{"line":328,"column":31},"end":{"line":328,"column":40}},{"start":{"line":328,"column":40},"end":{"line":328,"column":53}},{"start":{"line":328,"column":53},"end":{"line":328,"column":null}}],"line":328},"38":{"loc":{"start":{"line":331,"column":21},"end":{"line":340,"column":null}},"type":"cond-expr","locations":[{"start":{"line":332,"column":22},"end":{"line":335,"column":null}},{"start":{"line":337,"column":22},"end":{"line":340,"column":null}}],"line":331},"39":{"loc":{"start":{"line":346,"column":22},"end":{"line":357,"column":null}},"type":"if","locations":[{"start":{"line":346,"column":22},"end":{"line":357,"column":null}},{"start":{},"end":{}}],"line":346},"40":{"loc":{"start":{"line":367,"column":17},"end":{"line":375,"column":null}},"type":"binary-expr","locations":[{"start":{"line":367,"column":17},"end":{"line":367,"column":null}},{"start":{"line":368,"column":18},"end":{"line":375,"column":null}}],"line":367},"41":{"loc":{"start":{"line":383,"column":36},"end":{"line":383,"column":53}},"type":"binary-expr","locations":[{"start":{"line":383,"column":36},"end":{"line":383,"column":51}},{"start":{"line":383,"column":51},"end":{"line":383,"column":53}}],"line":383},"42":{"loc":{"start":{"line":401,"column":19},"end":{"line":401,"column":null}},"type":"cond-expr","locations":[{"start":{"line":401,"column":37},"end":{"line":401,"column":63}},{"start":{"line":401,"column":62},"end":{"line":401,"column":null}}],"line":401},"43":{"loc":{"start":{"line":401,"column":19},"end":{"line":401,"column":37}},"type":"binary-expr","locations":[{"start":{"line":401,"column":19},"end":{"line":401,"column":27}},{"start":{"line":401,"column":27},"end":{"line":401,"column":37}}],"line":401},"44":{"loc":{"start":{"line":405,"column":21},"end":{"line":405,"column":null}},"type":"cond-expr","locations":[{"start":{"line":405,"column":28},"end":{"line":405,"column":40}},{"start":{"line":405,"column":40},"end":{"line":405,"column":null}}],"line":405},"45":{"loc":{"start":{"line":405,"column":40},"end":{"line":405,"column":null}},"type":"cond-expr","locations":[{"start":{"line":405,"column":50},"end":{"line":405,"column":68}},{"start":{"line":405,"column":68},"end":{"line":405,"column":null}}],"line":405},"46":{"loc":{"start":{"line":440,"column":11},"end":{"line":446,"column":null}},"type":"cond-expr","locations":[{"start":{"line":441,"column":12},"end":{"line":443,"column":null}},{"start":{"line":443,"column":12},"end":{"line":446,"column":null}}],"line":440}},"s":{"0":1,"1":12,"2":12,"3":12,"4":12,"5":12,"6":12,"7":12,"8":12,"9":12,"10":12,"11":12,"12":12,"13":12,"14":12,"15":12,"16":12,"17":3,"18":3,"19":3,"20":0,"21":0,"22":3,"23":3,"24":12,"25":1,"26":1,"27":1,"28":1,"29":12,"30":1,"31":1,"32":1,"33":0,"34":0,"35":1,"36":12,"37":1,"38":0,"39":1,"40":1,"41":1,"42":1,"43":1,"44":0,"45":0,"46":1,"47":1,"48":1,"49":1,"50":1,"51":1,"52":1,"53":1,"54":0,"55":1,"56":1,"57":1,"58":1,"59":1,"60":1,"61":1,"62":1,"63":0,"64":0,"65":1,"66":1,"67":1,"68":1,"69":0,"70":0,"71":0,"72":0,"73":1,"74":1,"75":12,"76":1,"77":1,"78":1,"79":1,"80":0,"81":0,"82":1,"83":1,"84":1,"85":1,"86":8,"87":0,"88":1,"89":0,"90":1,"91":1,"92":1,"93":0,"94":0,"95":1,"96":12,"97":13,"98":13,"99":36,"100":0,"101":0,"102":4},"f":{"0":12,"1":3,"2":1,"3":1,"4":1,"5":0,"6":1,"7":1,"8":8,"9":13,"10":13,"11":36,"12":0,"13":4},"b":{"0":[12,0],"1":[12,12],"2":[0,12],"3":[0,0],"4":[12,0],"5":[12,0],"6":[3,0],"7":[3,0],"8":[3,0],"9":[0,3],"10":[0,0],"11":[0,0],"12":[1,0],"13":[0,1],"14":[0,1],"15":[1,0],"16":[1,0],"17":[0,1],"18":[1,0],"19":[1,0],"20":[1,0],"21":[0,1],"22":[0,0],"23":[0,0],"24":[0,1],"25":[0,1],"26":[1,0],"27":[1,1],"28":[0,8],"29":[0,1],"30":[1,0],"31":[12,0],"32":[0,12],"33":[13,0],"34":[0,12],"35":[12,1],"36":[12,4],"37":[4,2,3],"38":[1,3],"39":[0,0],"40":[4,4],"41":[4,0],"42":[3,9],"43":[12,10],"44":[2,10],"45":[1,9],"46":[0,12]},"meta":{"lastBranch":47,"lastFunction":14,"lastStatement":103,"seen":{"s:20:13:450:Infinity":0,"f:20:13:20:49":0,"s:21:10:21:32":1,"s:22:39:22:66":2,"s:23:21:23:89":3,"b:23:56:23:84:23:84:23:89":0,"s:24:8:24:48":4,"s:25:16:25:46":5,"s:27:18:27:47":6,"s:28:21:28:53":7,"s:29:22:29:52":8,"s:30:15:30:53":9,"s:31:18:32:Infinity":10,"b:32:5:32:44:32:44:32:Infinity":1,"s:35:17:35:Infinity":11,"s:36:23:36:Infinity":12,"s:45:4:66:4":13,"b:48:28:59:8:59:8:64:Infinity":2,"b:58:21:58:58:58:58:58:Infinity":3,"b:60:14:60:42:60:42:60:Infinity":4,"s:68:21:68:40":14,"s:69:30:69:57":15,"b:69:30:69:51:69:55:69:57":5,"s:71:2:102:Infinity":16,"f:71:2:71:18":1,"b:72:4:98:Infinity:undefined:undefined:undefined:undefined":6,"s:72:4:98:Infinity":17,"b:72:8:72:40:72:40:72:71":7,"b:73:6:98:Infinity:undefined:undefined:undefined:undefined":8,"s:73:6:98:Infinity":18,"b:74:8:98:Infinity:88:15:98:Infinity":9,"s:74:8:98:Infinity":19,"s:75:11:86:Infinity":20,"b:85:27:85:64:85:64:85:Infinity":10,"s:87:10:87:Infinity":21,"b:87:21:87:45:87:45:87:50":11,"s:89:10:97:Infinity":22,"s:98:10:98:Infinity":23,"s:104:8:108:Infinity":24,"f:104:8:104:28":2,"s:105:4:105:Infinity":25,"s:106:4:106:Infinity":26,"s:107:4:107:Infinity":27,"s:108:4:108:Infinity":28,"s:111:23:118:Infinity":29,"f:111:23:111:30":3,"s:112:25:112:Infinity":30,"b:113:4:118:Infinity:undefined:undefined:undefined:undefined":12,"s:113:4:118:Infinity":31,"b:114:6:116:Infinity:undefined:undefined:undefined:undefined":13,"s:114:6:116:Infinity":32,"s:115:8:115:Infinity":33,"s:116:8:116:Infinity":34,"s:118:6:118:Infinity":35,"s:124:26:180:Infinity":36,"f:124:26:124:38":4,"b:125:4:125:Infinity:undefined:undefined:undefined:undefined":14,"s:125:4:125:Infinity":37,"b:125:8:125:17:125:17:125:27":15,"s:125:27:125:Infinity":38,"s:127:4:127:Infinity":39,"s:128:21:132:Infinity":40,"s:133:17:133:Infinity":41,"s:134:4:134:Infinity":42,"s:135:21:138:12":43,"f:135:21:135:39":5,"s:136:6:136:Infinity":44,"s:137:6:137:Infinity":45,"s:140:4:180:Infinity":46,"s:141:27:141:Infinity":47,"b:144:6:148:Infinity:undefined:undefined:undefined:undefined":16,"s:144:6:148:Infinity":48,"s:145:21:145:Infinity":49,"s:146:8:146:Infinity":50,"s:147:8:147:Infinity":51,"s:148:8:148:Infinity":52,"b:151:6:151:Infinity:undefined:undefined:undefined:undefined":17,"s:151:6:151:Infinity":53,"s:151:27:151:Infinity":54,"s:153:21:156:8":55,"b:159:6:159:Infinity:undefined:undefined:undefined:undefined":18,"s:159:6:159:Infinity":56,"s:159:27:159:Infinity":57,"b:160:6:160:Infinity:undefined:undefined:undefined:undefined":19,"s:160:6:160:Infinity":58,"s:160:26:160:Infinity":59,"b:161:6:161:Infinity:undefined:undefined:undefined:undefined":20,"s:161:6:161:Infinity":60,"s:161:31:161:Infinity":61,"b:162:6:164:Infinity:undefined:undefined:undefined:undefined":21,"s:162:6:164:Infinity":62,"s:163:29:163:Infinity":63,"b:163:29:163:43:163:47:163:Infinity":22,"s:164:8:164:Infinity":64,"b:164:57:164:66:164:66:164:72":23,"s:167:6:167:Infinity":65,"s:169:33:169:Infinity":66,"f:169:53:169:60":6,"s:169:65:169:88":67,"b:170:6:171:Infinity:undefined:undefined:undefined:undefined":24,"s:170:6:171:Infinity":68,"s:171:8:171:Infinity":69,"s:175:6:175:Infinity":70,"s:176:12:176:64":71,"s:177:6:177:Infinity":72,"s:179:6:179:Infinity":73,"s:180:6:180:Infinity":74,"s:184:19:226:Infinity":75,"f:184:19:184:26":7,"s:185:4:185:Infinity":76,"s:186:4:226:Infinity":77,"s:187:25:187:Infinity":78,"b:189:6:191:Infinity:undefined:undefined:undefined:undefined":25,"s:189:6:191:Infinity":79,"s:190:21:190:Infinity":80,"s:191:8:191:Infinity":81,"s:195:24:195:Infinity":82,"b:195:46:195:65:195:65:195:73":26,"s:197:22:201:Infinity":83,"b:200:17:200:33:200:33:200:Infinity":27,"s:204:6:204:Infinity":84,"s:205:6:209:Infinity":85,"f:205:27:205:35":8,"b:206:8:207:Infinity:undefined:undefined:undefined:undefined":28,"s:206:8:207:Infinity":86,"s:207:10:207:Infinity":87,"b:211:6:217:Infinity:216:13:217:Infinity":29,"s:211:6:217:Infinity":88,"b:211:10:211:20:211:20:211:34":30,"s:212:8:215:Infinity":89,"s:217:8:217:Infinity":90,"s:220:6:220:Infinity":91,"s:221:6:221:Infinity":92,"s:223:6:223:Infinity":93,"s:224:6:224:Infinity":94,"s:226:6:226:Infinity":95,"s:230:2:450:Infinity":96,"b:232:14:232:46:232:46:232:Infinity":31,"b:234:22:234:51:234:54:234:82":32,"f:247:14:247:23":9,"s:248:16:253:Infinity":97,"f:259:14:259:23":10,"s:260:16:265:Infinity":98,"b:262:25:262:40:262:40:262:Infinity":33,"f:277:84:277:89":11,"s:278:16:280:Infinity":99,"b:290:95:290:118:290:118:290:134":34,"b:296:11:296:Infinity:297:12:305:Infinity":35,"b:310:11:310:Infinity:311:12:387:Infinity":36,"b:328:31:328:40:328:40:328:53:328:53:328:Infinity":37,"b:332:22:335:Infinity:337:22:340:Infinity":38,"f:345:20:345:35":12,"b:346:22:357:Infinity:undefined:undefined:undefined:undefined":39,"s:346:22:357:Infinity":100,"s:347:24:357:Infinity":101,"b:367:17:367:Infinity:368:18:375:Infinity":40,"f:381:18:381:27":13,"s:382:20:385:Infinity":102,"b:383:36:383:51:383:51:383:53":41,"b:401:37:401:63:401:62:401:Infinity":42,"b:401:19:401:27:401:27:401:37":43,"b:405:28:405:40:405:40:405:Infinity":44,"b:405:50:405:68:405:68:405:Infinity":45,"b:441:12:443:Infinity:443:12:446:Infinity":46}}}
,"C:\\projects\\odin-tracker\\src\\modals\\MedicationModal.tsx": {"path":"C:\\projects\\odin-tracker\\src\\modals\\MedicationModal.tsx","statementMap":{"0":{"start":{"line":16,"column":13},"end":{"line":255,"column":null}},"1":{"start":{"line":17,"column":10},"end":{"line":17,"column":32}},"2":{"start":{"line":18,"column":39},"end":{"line":18,"column":66}},"3":{"start":{"line":19,"column":25},"end":{"line":19,"column":95}},"4":{"start":{"line":21,"column":18},"end":{"line":21,"column":47}},"5":{"start":{"line":23,"column":17},"end":{"line":23,"column":null}},"6":{"start":{"line":24,"column":20},"end":{"line":24,"column":null}},"7":{"start":{"line":30,"column":4},"end":{"line":37,"column":4}},"8":{"start":{"line":39,"column":2},"end":{"line":64,"column":null}},"9":{"start":{"line":40,"column":4},"end":{"line":60,"column":null}},"10":{"start":{"line":41,"column":6},"end":{"line":60,"column":null}},"11":{"start":{"line":42,"column":8},"end":{"line":60,"column":null}},"12":{"start":{"line":43,"column":11},"end":{"line":52,"column":null}},"13":{"start":{"line":54,"column":10},"end":{"line":60,"column":null}},"14":{"start":{"line":66,"column":8},"end":{"line":68,"column":null}},"15":{"start":{"line":67,"column":4},"end":{"line":67,"column":null}},"16":{"start":{"line":68,"column":4},"end":{"line":68,"column":null}},"17":{"start":{"line":71,"column":19},"end":{"line":115,"column":null}},"18":{"start":{"line":72,"column":4},"end":{"line":72,"column":null}},"19":{"start":{"line":73,"column":4},"end":{"line":115,"column":null}},"20":{"start":{"line":74,"column":22},"end":{"line":74,"column":33}},"21":{"start":{"line":77,"column":6},"end":{"line":78,"column":null}},"22":{"start":{"line":78,"column":9},"end":{"line":78,"column":null}},"23":{"start":{"line":82,"column":6},"end":{"line":82,"column":null}},"24":{"start":{"line":83,"column":6},"end":{"line":83,"column":null}},"25":{"start":{"line":85,"column":6},"end":{"line":89,"column":null}},"26":{"start":{"line":86,"column":8},"end":{"line":87,"column":null}},"27":{"start":{"line":87,"column":10},"end":{"line":87,"column":null}},"28":{"start":{"line":91,"column":6},"end":{"line":106,"column":null}},"29":{"start":{"line":92,"column":8},"end":{"line":95,"column":null}},"30":{"start":{"line":98,"column":8},"end":{"line":99,"column":null}},"31":{"start":{"line":99,"column":11},"end":{"line":99,"column":null}},"32":{"start":{"line":102,"column":8},"end":{"line":106,"column":null}},"33":{"start":{"line":109,"column":6},"end":{"line":109,"column":null}},"34":{"start":{"line":110,"column":6},"end":{"line":110,"column":null}},"35":{"start":{"line":112,"column":6},"end":{"line":112,"column":null}},"36":{"start":{"line":113,"column":6},"end":{"line":113,"column":null}},"37":{"start":{"line":115,"column":6},"end":{"line":115,"column":null}},"38":{"start":{"line":119,"column":2},"end":{"line":255,"column":null}},"39":{"start":{"line":164,"column":18},"end":{"line":166,"column":null}},"40":{"start":{"line":176,"column":16},"end":{"line":181,"column":null}},"41":{"start":{"line":189,"column":16},"end":{"line":194,"column":null}},"42":{"start":{"line":206,"column":20},"end":{"line":210,"column":null}},"43":{"start":{"line":217,"column":20},"end":{"line":221,"column":null}}},"fnMap":{"0":{"name":"(anonymous_0)","decl":{"start":{"line":16,"column":13},"end":{"line":16,"column":47}},"loc":{"start":{"line":16,"column":47},"end":{"line":255,"column":null}},"line":16},"1":{"name":"(anonymous_1)","decl":{"start":{"line":39,"column":2},"end":{"line":39,"column":18}},"loc":{"start":{"line":39,"column":18},"end":{"line":64,"column":6}},"line":39},"2":{"name":"(anonymous_2)","decl":{"start":{"line":66,"column":8},"end":{"line":66,"column":28}},"loc":{"start":{"line":66,"column":28},"end":{"line":68,"column":null}},"line":66},"3":{"name":"(anonymous_3)","decl":{"start":{"line":71,"column":19},"end":{"line":71,"column":26}},"loc":{"start":{"line":71,"column":52},"end":{"line":115,"column":null}},"line":71},"4":{"name":"(anonymous_4)","decl":{"start":{"line":85,"column":27},"end":{"line":85,"column":35}},"loc":{"start":{"line":85,"column":42},"end":{"line":89,"column":null}},"line":85},"5":{"name":"(anonymous_5)","decl":{"start":{"line":163,"column":84},"end":{"line":163,"column":89}},"loc":{"start":{"line":164,"column":18},"end":{"line":166,"column":null}},"line":164},"6":{"name":"(anonymous_6)","decl":{"start":{"line":175,"column":14},"end":{"line":175,"column":23}},"loc":{"start":{"line":176,"column":16},"end":{"line":181,"column":null}},"line":176},"7":{"name":"(anonymous_7)","decl":{"start":{"line":188,"column":14},"end":{"line":188,"column":23}},"loc":{"start":{"line":189,"column":16},"end":{"line":194,"column":null}},"line":189},"8":{"name":"(anonymous_8)","decl":{"start":{"line":205,"column":18},"end":{"line":205,"column":27}},"loc":{"start":{"line":206,"column":20},"end":{"line":210,"column":null}},"line":206},"9":{"name":"(anonymous_9)","decl":{"start":{"line":216,"column":18},"end":{"line":216,"column":27}},"loc":{"start":{"line":217,"column":20},"end":{"line":221,"column":null}},"line":217}},"branchMap":{"0":{"loc":{"start":{"line":19,"column":62},"end":{"line":19,"column":95}},"type":"binary-expr","locations":[{"start":{"line":19,"column":62},"end":{"line":19,"column":90}},{"start":{"line":19,"column":90},"end":{"line":19,"column":95}}],"line":19},"1":{"loc":{"start":{"line":40,"column":4},"end":{"line":60,"column":null}},"type":"if","locations":[{"start":{"line":40,"column":4},"end":{"line":60,"column":null}},{"start":{},"end":{}}],"line":40},"2":{"loc":{"start":{"line":40,"column":8},"end":{"line":40,"column":79}},"type":"binary-expr","locations":[{"start":{"line":40,"column":8},"end":{"line":40,"column":44}},{"start":{"line":40,"column":44},"end":{"line":40,"column":79}}],"line":40},"3":{"loc":{"start":{"line":41,"column":6},"end":{"line":60,"column":null}},"type":"if","locations":[{"start":{"line":41,"column":6},"end":{"line":60,"column":null}},{"start":{},"end":{}}],"line":41},"4":{"loc":{"start":{"line":42,"column":8},"end":{"line":60,"column":null}},"type":"if","locations":[{"start":{"line":42,"column":8},"end":{"line":60,"column":null}},{"start":{"line":53,"column":15},"end":{"line":60,"column":null}}],"line":42},"5":{"loc":{"start":{"line":50,"column":26},"end":{"line":50,"column":null}},"type":"cond-expr","locations":[{"start":{"line":50,"column":65},"end":{"line":50,"column":116}},{"start":{"line":50,"column":119},"end":{"line":50,"column":null}}],"line":50},"6":{"loc":{"start":{"line":77,"column":6},"end":{"line":78,"column":null}},"type":"if","locations":[{"start":{"line":77,"column":6},"end":{"line":78,"column":null}},{"start":{},"end":{}}],"line":77},"7":{"loc":{"start":{"line":78,"column":76},"end":{"line":78,"column":116}},"type":"binary-expr","locations":[{"start":{"line":78,"column":76},"end":{"line":78,"column":108}},{"start":{"line":78,"column":108},"end":{"line":78,"column":116}}],"line":78},"8":{"loc":{"start":{"line":86,"column":8},"end":{"line":87,"column":null}},"type":"if","locations":[{"start":{"line":86,"column":8},"end":{"line":87,"column":null}},{"start":{},"end":{}}],"line":86},"9":{"loc":{"start":{"line":91,"column":6},"end":{"line":106,"column":null}},"type":"if","locations":[{"start":{"line":91,"column":6},"end":{"line":106,"column":null}},{"start":{"line":96,"column":13},"end":{"line":106,"column":null}}],"line":91},"10":{"loc":{"start":{"line":91,"column":10},"end":{"line":91,"column":31}},"type":"binary-expr","locations":[{"start":{"line":91,"column":10},"end":{"line":91,"column":20}},{"start":{"line":91,"column":20},"end":{"line":91,"column":31}}],"line":91},"11":{"loc":{"start":{"line":98,"column":8},"end":{"line":99,"column":null}},"type":"if","locations":[{"start":{"line":98,"column":8},"end":{"line":99,"column":null}},{"start":{},"end":{}}],"line":98},"12":{"loc":{"start":{"line":121,"column":14},"end":{"line":121,"column":null}},"type":"binary-expr","locations":[{"start":{"line":121,"column":14},"end":{"line":121,"column":50}},{"start":{"line":121,"column":50},"end":{"line":121,"column":null}}],"line":121},"13":{"loc":{"start":{"line":123,"column":13},"end":{"line":123,"column":86}},"type":"cond-expr","locations":[{"start":{"line":123,"column":22},"end":{"line":123,"column":53}},{"start":{"line":123,"column":56},"end":{"line":123,"column":86}}],"line":123},"14":{"loc":{"start":{"line":138,"column":74},"end":{"line":138,"column":127}},"type":"cond-expr","locations":[{"start":{"line":138,"column":88},"end":{"line":138,"column":111}},{"start":{"line":138,"column":111},"end":{"line":138,"column":127}}],"line":138},"15":{"loc":{"start":{"line":141,"column":13},"end":{"line":141,"column":null}},"type":"binary-expr","locations":[{"start":{"line":141,"column":13},"end":{"line":141,"column":28}},{"start":{"line":141,"column":28},"end":{"line":141,"column":null}}],"line":141},"16":{"loc":{"start":{"line":150,"column":76},"end":{"line":150,"column":131}},"type":"cond-expr","locations":[{"start":{"line":150,"column":92},"end":{"line":150,"column":115}},{"start":{"line":150,"column":115},"end":{"line":150,"column":131}}],"line":150},"17":{"loc":{"start":{"line":153,"column":15},"end":{"line":153,"column":null}},"type":"binary-expr","locations":[{"start":{"line":153,"column":15},"end":{"line":153,"column":32}},{"start":{"line":153,"column":32},"end":{"line":153,"column":null}}],"line":153},"18":{"loc":{"start":{"line":191,"column":25},"end":{"line":191,"column":null}},"type":"binary-expr","locations":[{"start":{"line":191,"column":25},"end":{"line":191,"column":40}},{"start":{"line":191,"column":40},"end":{"line":191,"column":null}}],"line":191},"19":{"loc":{"start":{"line":208,"column":29},"end":{"line":208,"column":null}},"type":"binary-expr","locations":[{"start":{"line":208,"column":29},"end":{"line":208,"column":44}},{"start":{"line":208,"column":44},"end":{"line":208,"column":null}}],"line":208},"20":{"loc":{"start":{"line":219,"column":29},"end":{"line":219,"column":null}},"type":"binary-expr","locations":[{"start":{"line":219,"column":29},"end":{"line":219,"column":44}},{"start":{"line":219,"column":44},"end":{"line":219,"column":null}}],"line":219},"21":{"loc":{"start":{"line":245,"column":11},"end":{"line":251,"column":null}},"type":"cond-expr","locations":[{"start":{"line":246,"column":12},"end":{"line":248,"column":null}},{"start":{"line":248,"column":12},"end":{"line":251,"column":null}}],"line":245}},"s":{"0":1,"1":10,"2":10,"3":10,"4":10,"5":10,"6":10,"7":10,"8":10,"9":4,"10":4,"11":4,"12":2,"13":2,"14":10,"15":2,"16":2,"17":10,"18":2,"19":2,"20":2,"21":2,"22":0,"23":2,"24":2,"25":2,"26":12,"27":2,"28":2,"29":1,"30":1,"31":1,"32":1,"33":2,"34":2,"35":0,"36":0,"37":2,"38":10,"39":20,"40":12,"41":12,"42":12,"43":12},"f":{"0":10,"1":4,"2":2,"3":2,"4":12,"5":20,"6":12,"7":12,"8":12,"9":12},"b":{"0":[10,0],"1":[4,0],"2":[4,2],"3":[4,0],"4":[2,2],"5":[1,1],"6":[0,2],"7":[0,0],"8":[2,10],"9":[1,1],"10":[2,1],"11":[1,0],"12":[10,5],"13":[5,5],"14":[0,10],"15":[10,0],"16":[0,10],"17":[10,0],"18":[12,12],"19":[12,11],"20":[12,8],"21":[0,10]},"meta":{"lastBranch":22,"lastFunction":10,"lastStatement":44,"seen":{"s:16:13:255:Infinity":0,"f:16:13:16:47":0,"s:17:10:17:32":1,"s:18:39:18:66":2,"s:19:25:19:95":3,"b:19:62:19:90:19:90:19:95":0,"s:21:18:21:47":4,"s:23:17:23:Infinity":5,"s:24:20:24:Infinity":6,"s:30:4:37:4":7,"s:39:2:64:Infinity":8,"f:39:2:39:18":1,"b:40:4:60:Infinity:undefined:undefined:undefined:undefined":1,"s:40:4:60:Infinity":9,"b:40:8:40:44:40:44:40:79":2,"b:41:6:60:Infinity:undefined:undefined:undefined:undefined":3,"s:41:6:60:Infinity":10,"b:42:8:60:Infinity:53:15:60:Infinity":4,"s:42:8:60:Infinity":11,"s:43:11:52:Infinity":12,"b:50:65:50:116:50:119:50:Infinity":5,"s:54:10:60:Infinity":13,"s:66:8:68:Infinity":14,"f:66:8:66:28":2,"s:67:4:67:Infinity":15,"s:68:4:68:Infinity":16,"s:71:19:115:Infinity":17,"f:71:19:71:26":3,"s:72:4:72:Infinity":18,"s:73:4:115:Infinity":19,"s:74:22:74:33":20,"b:77:6:78:Infinity:undefined:undefined:undefined:undefined":6,"s:77:6:78:Infinity":21,"s:78:9:78:Infinity":22,"b:78:76:78:108:78:108:78:116":7,"s:82:6:82:Infinity":23,"s:83:6:83:Infinity":24,"s:85:6:89:Infinity":25,"f:85:27:85:35":4,"b:86:8:87:Infinity:undefined:undefined:undefined:undefined":8,"s:86:8:87:Infinity":26,"s:87:10:87:Infinity":27,"b:91:6:106:Infinity:96:13:106:Infinity":9,"s:91:6:106:Infinity":28,"b:91:10:91:20:91:20:91:31":10,"s:92:8:95:Infinity":29,"b:98:8:99:Infinity:undefined:undefined:undefined:undefined":11,"s:98:8:99:Infinity":30,"s:99:11:99:Infinity":31,"s:102:8:106:Infinity":32,"s:109:6:109:Infinity":33,"s:110:6:110:Infinity":34,"s:112:6:112:Infinity":35,"s:113:6:113:Infinity":36,"s:115:6:115:Infinity":37,"s:119:2:255:Infinity":38,"b:121:14:121:50:121:50:121:Infinity":12,"b:123:22:123:53:123:56:123:86":13,"b:138:88:138:111:138:111:138:127":14,"b:141:13:141:28:141:28:141:Infinity":15,"b:150:92:150:115:150:115:150:131":16,"b:153:15:153:32:153:32:153:Infinity":17,"f:163:84:163:89":5,"s:164:18:166:Infinity":39,"f:175:14:175:23":6,"s:176:16:181:Infinity":40,"f:188:14:188:23":7,"s:189:16:194:Infinity":41,"b:191:25:191:40:191:40:191:Infinity":18,"f:205:18:205:27":8,"s:206:20:210:Infinity":42,"b:208:29:208:44:208:44:208:Infinity":19,"f:216:18:216:27":9,"s:217:20:221:Infinity":43,"b:219:29:219:44:219:44:219:Infinity":20,"b:246:12:248:Infinity:248:12:251:Infinity":21}}}
,"C:\\projects\\odin-tracker\\src\\modals\\PetModal.tsx": {"path":"C:\\projects\\odin-tracker\\src\\modals\\PetModal.tsx","statementMap":{"0":{"start":{"line":14,"column":13},"end":{"line":237,"column":null}},"1":{"start":{"line":15,"column":10},"end":{"line":15,"column":32}},"2":{"start":{"line":16,"column":39},"end":{"line":16,"column":66}},"3":{"start":{"line":17,"column":18},"end":{"line":17,"column":41}},"4":{"start":{"line":19,"column":18},"end":{"line":19,"column":47}},"5":{"start":{"line":20,"column":20},"end":{"line":20,"column":63}},"6":{"start":{"line":21,"column":23},"end":{"line":22,"column":null}},"7":{"start":{"line":25,"column":17},"end":{"line":25,"column":null}},"8":{"start":{"line":26,"column":20},"end":{"line":26,"column":null}},"9":{"start":{"line":32,"column":4},"end":{"line":35,"column":4}},"10":{"start":{"line":38,"column":2},"end":{"line":61,"column":null}},"11":{"start":{"line":39,"column":4},"end":{"line":59,"column":null}},"12":{"start":{"line":40,"column":18},"end":{"line":40,"column":null}},"13":{"start":{"line":41,"column":6},"end":{"line":48,"column":null}},"14":{"start":{"line":49,"column":6},"end":{"line":49,"column":null}},"15":{"start":{"line":50,"column":15},"end":{"line":59,"column":null}},"16":{"start":{"line":51,"column":6},"end":{"line":58,"column":null}},"17":{"start":{"line":59,"column":6},"end":{"line":59,"column":null}},"18":{"start":{"line":63,"column":8},"end":{"line":67,"column":null}},"19":{"start":{"line":64,"column":4},"end":{"line":64,"column":null}},"20":{"start":{"line":65,"column":4},"end":{"line":65,"column":null}},"21":{"start":{"line":66,"column":4},"end":{"line":66,"column":null}},"22":{"start":{"line":67,"column":4},"end":{"line":67,"column":null}},"23":{"start":{"line":70,"column":8},"end":{"line":78,"column":null}},"24":{"start":{"line":71,"column":17},"end":{"line":71,"column":null}},"25":{"start":{"line":72,"column":4},"end":{"line":78,"column":null}},"26":{"start":{"line":73,"column":6},"end":{"line":73,"column":null}},"27":{"start":{"line":74,"column":21},"end":{"line":74,"column":37}},"28":{"start":{"line":75,"column":6},"end":{"line":76,"column":null}},"29":{"start":{"line":76,"column":8},"end":{"line":76,"column":null}},"30":{"start":{"line":78,"column":6},"end":{"line":78,"column":null}},"31":{"start":{"line":82,"column":19},"end":{"line":116,"column":null}},"32":{"start":{"line":83,"column":4},"end":{"line":83,"column":null}},"33":{"start":{"line":84,"column":4},"end":{"line":116,"column":null}},"34":{"start":{"line":85,"column":21},"end":{"line":85,"column":null}},"35":{"start":{"line":88,"column":6},"end":{"line":90,"column":null}},"36":{"start":{"line":89,"column":21},"end":{"line":89,"column":null}},"37":{"start":{"line":90,"column":8},"end":{"line":90,"column":null}},"38":{"start":{"line":93,"column":22},"end":{"line":93,"column":null}},"39":{"start":{"line":94,"column":6},"end":{"line":98,"column":null}},"40":{"start":{"line":95,"column":8},"end":{"line":96,"column":null}},"41":{"start":{"line":96,"column":10},"end":{"line":96,"column":null}},"42":{"start":{"line":100,"column":6},"end":{"line":108,"column":null}},"43":{"start":{"line":101,"column":8},"end":{"line":104,"column":null}},"44
[...]
":76,"column":null}},"line":75},"5":{"name":"(anonymous_5)","decl":{"start":{"line":82,"column":19},"end":{"line":82,"column":26}},"loc":{"start":{"line":82,"column":45},"end":{"line":116,"column":null}},"line":82},"6":{"name":"(anonymous_6)","decl":{"start":{"line":94,"column":27},"end":{"line":94,"column":35}},"loc":{"start":{"line":94,"column":42},"end":{"line":98,"column":null}},"line":94},"7":{"name":"(anonymous_7)","decl":{"start":{"line":188,"column":12},"end":{"line":188,"column":21}},"loc":{"start":{"line":189,"column":14},"end":{"line":194,"column":null}},"line":189}},"branchMap":{"0":{"loc":{"start":{"line":22,"column":5},"end":{"line":22,"column":null}},"type":"binary-expr","locations":[{"start":{"line":22,"column":5},"end":{"line":22,"column":36}},{"start":{"line":22,"column":36},"end":{"line":22,"column":null}}],"line":22},"1":{"loc":{"start":{"line":39,"column":4},"end":{"line":59,"column":null}},"type":"if","locations":[{"start":{"line":39,"column":4},"end":{"line":59,"column":null}},{"start":{"line":50,"column":15},"end":{"line":59,"column":null}}],"line":39},"2":{"loc":{"start":{"line":39,"column":8},"end":{"line":39,"column":49}},"type":"binary-expr","locations":[{"start":{"line":39,"column":8},"end":{"line":39,"column":38}},{"start":{"line":39,"column":38},"end":{"line":39,"column":49}}],"line":39},"3":{"loc":{"start":{"line":44,"column":15},"end":{"line":44,"column":null}},"type":"binary-expr","locations":[{"start":{"line":44,"column":15},"end":{"line":44,"column":28}},{"start":{"line":44,"column":28},"end":{"line":44,"column":null}}],"line":44},"4":{"loc":{"start":{"line":45,"column":21},"end":{"line":45,"column":null}},"type":"binary-expr","locations":[{"start":{"line":45,"column":21},"end":{"line":45,"column":40}},{"start":{"line":45,"column":40},"end":{"line":45,"column":null}}],"line":45},"5":{"loc":{"start":{"line":46,"column":18},"end":{"line":46,"column":null}},"type":"binary-expr","locations":[{"start":{"line":46,"column":18},"end":{"line":46,"column":34}},{"start":{"line":46,"column":34},"end":{"line":46,"column":null}}],"line":46},"6":{"loc":{"start":{"line":47,"column":15},"end":{"line":47,"column":null}},"type":"binary-expr","locations":[{"start":{"line":47,"column":15},"end":{"line":47,"column":28}},{"start":{"line":47,"column":28},"end":{"line":47,"column":null}}],"line":47},"7":{"loc":{"start":{"line":49,"column":22},"end":{"line":49,"column":43}},"type":"binary-expr","locations":[{"start":{"line":49,"column":22},"end":{"line":49,"column":38}},{"start":{"line":49,"column":38},"end":{"line":49,"column":43}}],"line":49},"8":{"loc":{"start":{"line":50,"column":15},"end":{"line":59,"column":null}},"type":"if","locations":[{"start":{"line":50,"column":15},"end":{"line":59,"column":null}},{"start":{},"end":{}}],"line":50},"9":{"loc":{"start":{"line":72,"column":4},"end":{"line":78,"column":null}},"type":"if","locations":[{"start":{"line":72,"column":4},"end":{"line":78,"column":null}},{"start":{},"end":{}}],"line":72},"10":{"loc":{"start":{"line":88,"column":6},"end":{"line":90,"column":null}},"type":"if","locations":[{"start":{"line":88,"column":6},"end":{"line":90,"column":null}},{"start":{},"end":{}}],"line":88},"11":{"loc":{"start":{"line":93,"column":43},"end":{"line":93,"column":66}},"type":"binary-expr","locations":[{"start":{"line":93,"column":43},"end":{"line":93,"column":55}},{"start":{"line":93,"column":55},"end":{"line":93,"column":66}}],"line":93},"12":{"loc":{"start":{"line":95,"column":8},"end":{"line":96,"column":null}},"type":"if","locations":[{"start":{"line":95,"column":8},"end":{"line":96,"column":null}},{"start":{},"end":{}}],"line":95},"13":{"loc":{"start":{"line":95,"column":13},"end":{"line":95,"column":81}},"type":"binary-expr","locations":[{"start":{"line":95,"column":13},"end":{"line":95,"column":52}},{"start":{"line":95,"column":52},"end":{"line":95,"column":81}}],"line":95},"14":{"loc":{"start":{"line":100,"column":6},"end":{"line":108,"column":null}},"type":"if","locations":[{"start":{"line":100,"column":6},"end":{"line":108,"column":null}},{"start":{"line":105,"column":13},"end":{"line":108,"column":null}}],"line":100},"15":{"loc":{"start":{"line":100,"column":10},"end":{"line":100,"column":31}},"type":"binary-expr","locations":[{"start":{"line":100,"column":10},"end":{"line":100,"column":20}},{"start":{"line":100,"column":20},"end":{"line":100,"column":31}}],"line":100},"16":{"loc":{"start":{"line":122,"column":14},"end":{"line":122,"column":null}},"type":"binary-expr","locations":[{"start":{"line":122,"column":14},"end":{"line":122,"column":43}},{"start":{"line":122,"column":43},"end":{"line":122,"column":null}}],"line":122},"17":{"loc":{"start":{"line":124,"column":13},"end":{"line":124,"column":58}},"type":"cond-expr","locations":[{"start":{"line":124,"column":22},"end":{"line":124,"column":39}},{"start":{"line":124,"column":42},"end":{"line":124,"column":58}}],"line":124},"18":{"loc":{"start":{"line":135,"column":15},"end":{"line":138,"column":null}},"type":"cond-expr","locations":[{"start":{"line":136,"column":16},"end":{"line":138,"column":17}},{"start":{"line":138,"column":16},"end":{"line":138,"column":null}}],"line":135},"19":{"loc":{"start":{"line":154,"column":74},"end":{"line":154,"column":127}},"type":"cond-expr","locations":[{"start":{"line":154,"column":88},"end":{"line":154,"column":111}},{"start":{"line":154,"column":111},"end":{"line":154,"column":127}}],"line":154},"20":{"loc":{"start":{"line":157,"column":13},"end":{"line":157,"column":null}},"type":"binary-expr","locations":[{"start":{"line":157,"column":13},"end":{"line":157,"column":28}},{"start":{"line":157,"column":28},"end":{"line":157,"column":null}}],"line":157},"21":{"loc":{"start":{"line":191,"column":23},"end":{"line":191,"column":null}},"type":"binary-expr","locations":[{"start":{"line":191,"column":23},"end":{"line":191,"column":38}},{"start":{"line":191,"column":38},"end":{"line":191,"column":null}}],"line":191},"22":{"loc":{"start":{"line":227,"column":11},"end":{"line":233,"column":null}},"type":"cond-expr","locations":[{"start":{"line":228,"column":12},"end":{"line":230,"column":null}},{"start":{"line":230,"column":12},"end":{"line":233,"column":null}}],"line":227}},"s":{"0":1,"1":13,"2":13,"3":13,"4":13,"5":13,"6":13,"7":13,"8":13,"9":13,"10":13,"11":4,"12":0,"13":0,"14":0,"15":4,"16":4,"17":4,"18":13,"19":2,"20":2,"21":2,"22":2,"23":13,"24":1,"25":1,"26":1,"27":1,"28":1,"29":1,"30":1,"31":13,"32":3,"33":3,"34":3,"35":3,"36":1,"37":1,"38":3,"39":3,"40":21,"41":11,"42":3,"43":0,"44":3,"45":2,"46":1,"47":1,"48":3,"49":13,"50":16},"f":{"0":13,"1":4,"2":2,"3":1,"4":1,"5":3,"6":21,"7":16},"b":{"0":[13,13],"1":[0,4],"2":[4,0],"3":[0,0],"4":[0,0],"5":[0,0],"6":[0,0],"7":[0,0],"8":[4,0],"9":[1,0],"10":[1,2],"11":[3,2],"12":[11,10],"13":[21,19],"14":[0,3],"15":[3,0],"16":[13,0],"17":[0,13],"18":[1,12],"19":[0,13],"20":[13,0],"21":[16,16],"22":[0,13]},"meta":{"lastBranch":23,"lastFunction":8,"lastStatement":51,"seen":{"s:14:13:237:Infinity":0,"f:14:13:14:40":0,"s:15:10:15:32":1,"s:16:39:16:66":2,"s:17:18:17:41":3,"s:19:18:19:47":4,"s:20:20:20:63":5,"s:21:23:22:Infinity":6,"b:22:5:22:36:22:36:22:Infinity":0,"s:25:17:25:Infinity":7,"s:26:20:26:Infinity":8,"s:32:4:35:4":9,"s:38:2:61:Infinity":10,"f:38:8:38:24":1,"b:39:4:59:Infinity:50:15:59:Infinity":1,"s:39:4:59:Infinity":11,"b:39:8:39:38:39:38:39:49":2,"s:40:18:40:Infinity":12,"s:41:6:48:Infinity":13,"b:44:15:44:28:44:28:44:Infinity":3,"b:45:21:45:40:45:40:45:Infinity":4,"b:46:18:46:34:46:34:46:Infinity":5,"b:47:15:47:28:47:28:47:Infinity":6,"s:49:6:49:Infinity":14,"b:49:22:49:38:49:38:49:43":7,"b:50:15:59:Infinity:undefined:undefined:undefined:undefined":8,"s:50:15:59:Infinity":15,"s:51:6:58:Infinity":16,"s:59:6:59:Infinity":17,"s:63:8:67:Infinity":18,"f:63:8:63:28":2,"s:64:4:64:Infinity":19,"s:65:4:65:Infinity":20,"s:66:4:66:Infinity":21,"s:67:4:67:Infinity":22,"s:70:8:78:Infinity":23,"f:70:8:70:25":3,"s:71:17:71:Infinity":24,"b:72:4:78:Infinity:undefined:undefined:undefined:undefined":9,"s:72:4:78:Infinity":25,"s:73:6:73:Infinity":26,"s:74:21:74:37":27,"s:75:6:76:Infinity":28,"f:75:13:75:31":4,"s:76:8:76:Infinity":29,"s:78:6:78:Infinity":30,"s:82:19:116:Infinity":31,"f:82:19:82:26":5,"s:83:4:83:Infinity":32,"s:84:4:116:Infinity":33,"s:85:21:85:Infinity":34,"b:88:6:90:Infinity:undefined:undefined:undefined:undefined":10,"s:88:6:90:Infinity":35,"s:89:21:89:Infinity":36,"s:90:8:90:Infinity":37,"s:93:22:93:Infinity":38,"b:93:43:93:55:93:55:93:66":11,"s:94:6:98:Infinity":39,"f:94:27:94:35":6,"b:95:8:96:Infinity:undefined:undefined:undefined:undefined":12,"s:95:8:96:Infinity":40,"b:95:13:95:52:95:52:95:81":13,"s:96:10:96:Infinity":41,"b:100:6:108:Infinity:105:13:108:Infinity":14,"s:100:6:108:Infinity":42,"b:100:10:100:20:100:20:100:31":15,"s:101:8:104:Infinity":43,"s:106:8:108:Infinity":44,"s:111:6:111:Infinity":45,"s:113:6:113:Infinity":46,"s:114:6:114:Infinity":47,"s:116:6:116:Infinity":48,"s:120:2:237:Infinity":49,"b:122:14:122:43:122:43:122:Infinity":16,"b:124:22:124:39:124:42:124:58":17,"b:136:16:138:17:138:16:138:Infinity":18,"b:154:88:154:111:154:111:154:127":19,"b:157:13:157:28:157:28:157:Infinity":20,"f:188:12:188:21":7,"s:189:14:194:Infinity":50,"b:191:23:191:38:191:38:191:Infinity":21,"b:228:12:230:Infinity:230:12:233:Infinity":22}}}
,"C:\\projects\\odin-tracker\\src\\modals\\ShareModal.tsx": {"path":"C:\\projects\\odin-tracker\\src\\modals\\ShareModal.tsx","statementMap":{"0":{"start":{"line":13,"column":13},"end":{"line":174,"column":null}},"1":{"start":{"line":14,"column":10},"end":{"line":14,"column":32}},"2":{"start":{"line":15,"column":10},"end":{"line":15,"column":28}},"3":{"start":{"line":16,"column":39},"end":{"line":16,"column":66}},"4":{"start":{"line":17,"column":17},"end":{"line":17,"column":null}},"5":{"start":{"line":18,"column":42},"end":{"line":18,"column":86}},"6":{"start":{"line":20,"column":18},"end":{"line":20,"column":47}},"7":{"start":{"line":26,"column":4},"end":{"line":32,"column":4}},"8":{"start":{"line":34,"column":8},"end":{"line":36,"column":null}},"9":{"start":{"line":35,"column":4},"end":{"line":35,"column":null}},"10":{"start":{"line":36,"column":4},"end":{"line":36,"column":null}},"11":{"start":{"line":39,"column":19},"end":{"line":60,"column":null}},"12":{"start":{"line":40,"column":4},"end":{"line":40,"column":null}},"13":{"start":{"line":40,"column":15},"end":{"line":40,"column":null}},"14":{"start":{"line":41,"column":4},"end":{"line":41,"column":null}},"15":{"start":{"line":42,"column":4},"end":{"line":60,"column":null}},"16":{"start":{"line":43,"column":6},"end":{"line":47,"column":null}},"17":{"start":{"line":48,"column":6},"end":{"line":48,"column":null}},"18":{"start":{"line":49,"column":6},"end":{"line":49,"column":null}},"19":{"start":{"line":51,"column":6},"end":{"line":51,"column":null}},"20":{"start":{"line":52,"column":6},"end":{"line":57,"column":null}},"21":{"start":{"line":53,"column":8},"end":{"line":53,"column":null}},"22":{"start":{"line":54,"column":17},"end":{"line":57,"column":null}},"23":{"start":{"line":55,"column":8},"end":{"line":55,"column":null}},"24":{"start":{"line":57,"column":8},"end":{"line":57,"column":null}},"25":{"start":{"line":60,"column":6},"end":{"line":60,"column":null}},"26":{"start":{"line":64,"column":23},"end":{"line":69,"column":null}},"27":{"start":{"line":65,"column":4},"end":{"line":69,"column":null}},"28":{"start":{"line":66,"column":6},"end":{"line":66,"column":null}},"29":{"start":{"line":67,"column":6},"end":{"line":67,"column":null}},"30":{"start":{"line":69,"column":6},"end":{"line":69,"column":null}},"31":{"start":{"line":73,"column":2},"end":{"line":174,"column":null}},"32":{"start":{"line":148,"column":16},"end":{"line":168,"column":null}},"33":{"start":{"line":162,"column":35},"end":{"line":162,"column":57}}},"fnMap":{"0":{"name":"(anonymous_0)","decl":{"start":{"line":13,"column":13},"end":{"line":13,"column":42}},"loc":{"start":{"line":13,"column":42},"end":{"line":174,"column":null}},"line":13},"1":{"name":"(anonymous_1)","decl":{"start":{"line":34,"column":8},"end":{"line":34,"column":28}},"loc":{"start":{"line":34,"column":28},"end":{"line":36,"column":null}},"line":34},"2":{"name":"(anonymous_2)","decl":{"start":{"line":39,"column":19},"end":{"line":39,"column":26}},"loc":{"start":{"line":39,"column":54},"end":{"line":60,"column":null}},"line":39},"3":{"name":"(anonymous_3)","decl":{"start":{"line":64,"column":23},"end":{"line":64,"column":30}},"loc":{"start":{"line":64,"column":45},"end":{"line":69,"column":null}},"line":64},"4":{"name":"(anonymous_4)","decl":{"start":{"line":147,"column":22},"end":{"line":147,"column":27}},"loc":{"start":{"line":148,"column":16},"end":{"line":168,"column":null}},"line":148},"5":{"name":"(anonymous_5)","decl":{"start":{"line":162,"column":20},"end":{"line":162,"column":35}},"loc":{"start":{"line":162,"column":35},"end":{"line":162,"column":57}},"line":162}},"branchMap":{"0":{"loc":{"start":{"line":18,"column":72},"end":{"line":18,"column":86}},"type":"binary-expr","locations":[{"start":{"line":18,"column":72},"end":{"line":18,"column":81}},{"start":{"line":18,"column":81},"end":{"line":18,"column":86}}],"line":18},"1":{"loc":{"start":{"line":40,"column":4},"end":{"line":40,"column":null}},"type":"if","locations":[{"start":{"line":40,"column":4},"end":{"line":40,"column":null}},{"start":{},"end":{}}],"line":40},"2":{"loc":{"start":{"line":52,"column":6},"end":{"line":57,"column":null}},"type":"if","locations":[{"start":{"line":52,"column":6},"end":{"line":57,"column":null}},{"start":{"line":54,"column":17},"end":{"line":57,"column":null}}],"line":52},"3":{"loc":{"start":{"line":54,"column":17},"end":{"line":57,"column":null}},"type":"if","locations":[{"start":{"line":54,"column":17},"end":{"line":57,"column":null}},{"start":{"line":56,"column":13},"end":{"line":57,"column":null}}],"line":54},"4":{"loc":{"start":{"line":81,"column":9},"end":{"line":130,"column":9}},"type":"binary-expr","locations":[{"start":{"line":81,"column":9},"end":{"line":81,"column":null}},{"start":{"line":82,"column":10},"end":{"line":130,"column":9}}],"line":81},"5":{"loc":{"start":{"line":90,"column":86},"end":{"line":90,"column":150}},"type":"cond-expr","locations":[{"start":{"line":90,"column":111},"end":{"line":90,"column":134}},{"start":{"line":90,"column":134},"end":{"line":90,"column":150}}],"line":90},"6":{"loc":{"start":{"line":94,"column":17},"end":{"line":94,"column":null}},"type":"binary-expr","locations":[{"start":{"line":94,"column":17},"end":{"line":94,"column":43}},{"start":{"line":94,"column":43},"end":{"line":94,"column":null}}],"line":94},"7":{"loc":{"start":{"line":115,"column":19},"end":{"line":121,"column":null}},"type":"cond-expr","locations":[{"start":{"line":116,"column":20},"end":{"line":118,"column":null}},{"start":{"line":118,"column":20},"end":{"line":121,"column":null}}],"line":115},"8":{"loc":{"start":{"line":135,"column":11},"end":{"line":170,"column":null}},"type":"cond-expr","locations":[{"start":{"line":136,"column":12},"end":{"line":140,"column":21}},{"start":{"line":140,"column":14},"end":{"line":170,"column":null}}],"line":135},"9":{"loc":{"start":{"line":140,"column":14},"end":{"line":170,"column":null}},"type":"cond-expr","locations":[{"start":{"line":141,"column":12},"end":{"line":146,"column":13}},{"start":{"line":146,"column":12},"end":{"line":170,"column":null}}],"line":140}},"s":{"0":1,"1":10,"2":10,"3":10,"4":10,"5":10,"6":10,"7":10,"8":10,"9":0,"10":0,"11":10,"12":1,"13":0,"14":1,"15":1,"16":1,"17":1,"18":1,"19":0,"20":0,"21":0,"22":0,"23":0,"24":0,"25":1,"26":10,"27":1,"28":1,"29":1,"30":0,"31":10,"32":2,"33":1},"f":{"0":10,"1":0,"2":1,"3":1,"4":2,"5":1},"b":{"0":[10,0],"1":[0,1],"2":[0,0],"3":[0,0],"4":[10,9],"5":[0,9],"6":[9,0],"7":[0,9],"8":[0,10],"9":[8,2]},"meta":{"lastBranch":10,"lastFunction":6,"lastStatement":34,"seen":{"s:13:13:174:Infinity":0,"f:13:13:13:42":0,"s:14:10:14:32":1,"s:15:10:15:28":2,"s:16:39:16:66":3,"s:17:17:17:Infinity":4,"s:18:42:18:86":5,"b:18:72:18:81:18:81:18:86":0,"s:20:18:20:47":6,"s:26:4:32:4":7,"s:34:8:36:Infinity":8,"f:34:8:34:28":1,"s:35:4:35:Infinity":9,"s:36:4:36:Infinity":10,"s:39:19:60:Infinity":11,"f:39:19:39:26":2,"b:40:4:40:Infinity:undefined:undefined:undefined:undefined":1,"s:40:4:40:Infinity":12,"s:40:15:40:Infinity":13,"s:41:4:41:Infinity":14,"s:42:4:60:Infinity":15,"s:43:6:47:Infinity":16,"s:48:6:48:Infinity":17,"s:49:6:49:Infinity":18,"s:51:6:51:Infinity":19,"b:52:6:57:Infinity:54:17:57:Infinity":2,"s:52:6:57:Infinity":20,"s:53:8:53:Infinity":21,"b:54:17:57:Infinity:56:13:57:Infinity":3,"s:54:17:57:Infinity":22,"s:55:8:55:Infinity":23,"s:57:8:57:Infinity":24,"s:60:6:60:Infinity":25,"s:64:23:69:Infinity":26,"f:64:23:64:30":3,"s:65:4:69:Infinity":27,"s:66:6:66:Infinity":28,"s:67:6:67:Infinity":29,"s:69:6:69:Infinity":30,"s:73:2:174:Infinity":31,"b:81:9:81:Infinity:82:10:130:9":4,"b:90:111:90:134:90:134:90:150":5,"b:94:17:94:43:94:43:94:Infinity":6,"b:116:20:118:Infinity:118:20:121:Infinity":7,"b:136:12:140:21:140:14:170:Infinity":8,"b:141:12:146:13:146:12:170:Infinity":9,"f:147:22:147:27":4,"s:148:16:168:Infinity":32,"f:162:20:162:35":5,"s:162:35:162:57":33}}}
,"C:\\projects\\odin-tracker\\src\\schemas\\healthRecord.ts": {"path":"C:\\projects\\odin-tracker\\src\\schemas\\healthRecord.ts","statementMap":{"0":{"start":{"line":4,"column":32},"end":{"line":10,"column":2}},"1":{"start":{"line":14,"column":25},"end":{"line":23,"column":2}},"2":{"start":{"line":25,"column":33},"end":{"line":30,"column":2}},"3":{"start":{"line":32,"column":34},"end":{"line":52,"column":2}},"4":{"start":{"line":58,"column":39},"end":{"line":70,"column":2}}},"fnMap":{},"branchMap":{},"s":{"0":2,"1":2,"2":2,"3":2,"4":2},"f":{},"b":{},"meta":{"lastBranch":0,"lastFunction":0,"lastStatement":5,"seen":{"s:4:32:10:2":0,"s:14:25:23:2":1,"s:25:33:30:2":2,"s:32:34:52:2":3,"s:58:39:70:2":4}}}
,"C:\\projects\\odin-tracker\\src\\schemas\\measurement.ts": {"path":"C:\\projects\\odin-tracker\\src\\schemas\\measurement.ts","statementMap":{"0":{"start":{"line":3,"column":40},"end":{"line":26,"column":2}},"1":{"start":{"line":30,"column":33},"end":{"line":40,"column":2}},"2":{"start":{"line":44,"column":35},"end":{"line":44,"column":null}}},"fnMap":{},"branchMap":{},"s":{"0":3,"1":3,"2":3},"f":{},"b":{},"meta":{"lastBranch":0,"lastFunction":0,"lastStatement":3,"seen":{"s:3:40:26:2":0,"s:30:33:40:2":1,"s:44:35:44:Infinity":2}}}
,"C:\\projects\\odin-tracker\\src\\schemas\\medication.ts": {"path":"C:\\projects\\odin-tracker\\src\\schemas\\medication.ts","statementMap":{"0":{"start":{"line":3,"column":31},"end":{"line":11,"column":2}},"1":{"start":{"line":13,"column":32},"end":{"line":26,"column":2}},"2":{"start":{"line":28,"column":37},"end":{"line":37,"column":2}}},"fnMap":{},"branchMap":{},"s":{"0":1,"1":1,"2":1},"f":{},"b":{},"meta":{"lastBranch":0,"lastFunction":0,"lastStatement":3,"seen":{"s:3:31:11:2":0,"s:13:32:26:2":1,"s:28:37:37:2":2}}}
,"C:\\projects\\odin-tracker\\src\\schemas\\pet.ts": {"path":"C:\\projects\\odin-tracker\\src\\schemas\\pet.ts","statementMap":{"0":{"start":{"line":3,"column":29},"end":{"line":3,"column":78}},"1":{"start":{"line":5,"column":25},"end":{"line":17,"column":2}},"2":{"start":{"line":19,"column":30},"end":{"line":26,"column":2}}},"fnMap":{},"branchMap":{},"s":{"0":1,"1":1,"2":1},"f":{},"b":{},"meta":{"lastBranch":0,"lastFunction":0,"lastStatement":3,"seen":{"s:3:29:3:78":0,"s:5:25:17:2":1,"s:19:30:26:2":2}}}
,"C:\\projects\\odin-tracker\\src\\schemas\\sharedAccess.ts": {"path":"C:\\projects\\odin-tracker\\src\\schemas\\sharedAccess.ts","statementMap":{"0":{"start":{"line":3,"column":32},"end":{"line":3,"column":69}},"1":{"start":{"line":5,"column":34},"end":{"line":13,"column":2}},"2":{"start":{"line":15,"column":39},"end":{"line":18,"column":2}}},"fnMap":{},"branchMap":{},"s":{"0":1,"1":1,"2":1},"f":{},"b":{},"meta":{"lastBranch":0,"lastFunction":0,"lastStatement":3,"seen":{"s:3:32:3:69":0,"s:5:34:13:2":1,"s:15:39:18:2":2}}}
}
